#
# A fatal error has been detected by the Java Runtime Environment:
#
#  EXCEPTION_ILLEGAL_INSTRUCTION (0xc000001d) at pc=0x0000000069b254b0, pid=9068, tid=0x0000000000002a2c
#
# JRE version: Java(TM) SE Runtime Environment (8.0_151-b12) (build 1.8.0_151-b12)
# Java VM: Java HotSpot(TM) 64-Bit Server VM (25.151-b12 mixed mode windows-amd64 compressed oops)
# Problematic frame:
# C  [libnd4jcpu.dll+0x6a54b0]
#
# Failed to write core dump. Minidumps are not enabled by default on client versions of Windows
#
# If you would like to submit a bug report, please visit:
#   http://bugreport.java.com/bugreport/crash.jsp
# The crash happened outside the Java Virtual Machine in native code.
# See problematic frame for where to report the bug.
#

---------------  T H R E A D  ---------------

Current thread (0x00000000027f9000):  JavaThread "main" [_thread_in_native, id=10796, stack(0x00000000025f0000,0x00000000026f0000)]

siginfo: ExceptionCode=0xc000001d

Registers:
RAX=0x0000000000000000, RBX=0x0000000069b254a0, RCX=0x00000000026eec80, RDX=0x0000000000000000
RSP=0x00000000026eeb30, RBP=0x000000001aebd280, RSI=0x00000000026eec80, RDI=0x0000000000000001
R8 =0x000000001ae8f330, R9 =0x0000000000000000, R10=0x0000000000000000, R11=0x00000000026eeab0
R12=0x000000001aedd950, R13=0x0000000000000400, R14=0x0000000000000001, R15=0x000000001aedd950
RIP=0x0000000069b254b0, EFLAGS=0x0000000000010206

Top of Stack: (sp=0x00000000026eeb30)
0x00000000026eeb30:   0000000000000000 00000000001f0003
0x00000000026eeb40:   000000001aea3f50 0000000000d01c0d
0x00000000026eeb50:   000000001aea4010 000000001ae8f2a0
0x00000000026eeb60:   0000000000000004 000000001ae8f330
0x00000000026eeb70:   00000000000005d0 000000001aea3f50
0x00000000026eeb80:   000000001aea3f90 0000000000000001
0x00000000026eeb90:   000000001aead260 0000000069ce5052
0x00000000026eeba0:   0000000000000000 0000000069b254a0
0x00000000026eebb0:   00000000026eec80 0000000000000001
0x00000000026eebc0:   000000001aebd280 000000001aedd950
0x00000000026eebd0:   0000000000000400 0000000000000001
0x00000000026eebe0:   000000001aedd950 0000000069cdd5f2
0x00000000026eebf0:   0000000069b254a0 00000000026eec80
0x00000000026eec00:   0000000000000001 000000001aebd280
0x00000000026eec10:   000000001aea3f50 0000000069cda2f0
0x00000000026eec20:   0000000000000000 0000000002020000 

Instructions: (pc=0x0000000069b254b0)
0x0000000069b25490:   e8 4b c2 1c 00 e9 b0 fe ff ff 66 0f 1f 44 00 00
0x0000000069b254a0:   41 57 41 56 41 55 41 54 55 57 56 53 48 83 ec 78
0x0000000069b254b0:   c5 f8 29 74 24 50 c5 f8 29 7c 24 60 48 bd 00 00
0x0000000069b254c0:   00 00 00 00 00 80 41 b9 01 00 00 00 4c 8d 64 24 


Register to memory mapping:

RAX=0x0000000000000000 is an unknown value
RBX=0x0000000069b254a0 is an unknown value
RCX=0x00000000026eec80 is pointing into the stack for thread: 0x00000000027f9000
RDX=0x0000000000000000 is an unknown value
RSP=0x00000000026eeb30 is pointing into the stack for thread: 0x00000000027f9000
RBP=0x000000001aebd280 is an unknown value
RSI=0x00000000026eec80 is pointing into the stack for thread: 0x00000000027f9000
RDI=0x0000000000000001 is an unknown value
R8 =0x000000001ae8f330 is an unknown value
R9 =0x0000000000000000 is an unknown value
R10=0x0000000000000000 is an unknown value
R11=0x00000000026eeab0 is pointing into the stack for thread: 0x00000000027f9000
R12=0x000000001aedd950 is an unknown value
R13=0x0000000000000400 is an unknown value
R14=0x0000000000000001 is an unknown value
R15=0x000000001aedd950 is an unknown value


Stack: [0x00000000025f0000,0x00000000026f0000],  sp=0x00000000026eeb30,  free space=1018k
Native frames: (J=compiled Java code, j=interpreted, Vv=VM code, C=native code)
C  [libnd4jcpu.dll+0x6a54b0]
C  [libnd4jcpu.dll+0x85d5f2]
C  [libnd4jcpu.dll+0x15f4b78]
C  [jnind4jcpu.dll+0x1f2873]
C  0x00000000029079b4

Java frames: (J=compiled Java code, j=interpreted, Vv=VM code)
j  org.nd4j.nativeblas.Nd4jCpu$NativeOps.execRandomFloat(Lorg/bytedeco/javacpp/PointerPointer;ILorg/bytedeco/javacpp/Pointer;Lorg/bytedeco/javacpp/FloatPointer;Lorg/bytedeco/javacpp/IntPointer;Lorg/bytedeco/javacpp/FloatPointer;)V+0
j  org.nd4j.linalg.cpu.nativecpu.ops.NativeOpExecutioner.exec(Lorg/nd4j/linalg/api/ops/RandomOp;Lorg/nd4j/linalg/api/rng/Random;)Lorg/nd4j/linalg/api/ndarray/INDArray;+720
j  org.nd4j.linalg.api.rng.distribution.impl.UniformDistribution.sample([I)Lorg/nd4j/linalg/api/ndarray/INDArray;+44
j  org.deeplearning4j.nn.weights.WeightInitUtil.initWeights(DD[ILorg/deeplearning4j/nn/weights/WeightInit;Lorg/nd4j/linalg/api/rng/distribution/Distribution;CLorg/nd4j/linalg/api/ndarray/INDArray;)Lorg/nd4j/linalg/api/ndarray/INDArray;+68
j  org.deeplearning4j.nn.weights.WeightInitUtil.initWeights(DD[ILorg/deeplearning4j/nn/weights/WeightInit;Lorg/nd4j/linalg/api/rng/distribution/Distribution;Lorg/nd4j/linalg/api/ndarray/INDArray;)Lorg/nd4j/linalg/api/ndarray/INDArray;+12
j  org.deeplearning4j.nn.params.DefaultParamInitializer.createWeightMatrix(IILorg/deeplearning4j/nn/weights/WeightInit;Lorg/nd4j/linalg/api/rng/distribution/Distribution;Lorg/nd4j/linalg/api/ndarray/INDArray;Z)Lorg/nd4j/linalg/api/ndarray/INDArray;+29
j  org.deeplearning4j.nn.params.DefaultParamInitializer.createWeightMatrix(Lorg/deeplearning4j/nn/conf/NeuralNetConfiguration;Lorg/nd4j/linalg/api/ndarray/INDArray;Z)Lorg/nd4j/linalg/api/ndarray/INDArray;+43
j  org.deeplearning4j.nn.params.DefaultParamInitializer.init(Lorg/deeplearning4j/nn/conf/NeuralNetConfiguration;Lorg/nd4j/linalg/api/ndarray/INDArray;Z)Ljava/util/Map;+217
j  org.deeplearning4j.nn.conf.layers.DenseLayer.instantiate(Lorg/deeplearning4j/nn/conf/NeuralNetConfiguration;Ljava/util/Collection;ILorg/nd4j/linalg/api/ndarray/INDArray;Z)Lorg/deeplearning4j/nn/api/Layer;+56
j  org.deeplearning4j.nn.multilayer.MultiLayerNetwork.init(Lorg/nd4j/linalg/api/ndarray/INDArray;Z)V+440
j  org.deeplearning4j.nn.multilayer.MultiLayerNetwork.init()V+3
j  DeeplearningXOR.DeeplearningXOR.App.main([Ljava/lang/String;)V+515
v  ~StubRoutines::call_stub

---------------  P R O C E S S  ---------------

Java Threads: ( => current thread )
  0x0000000018f00000 JavaThread "NativeRandomDeallocator thread 0" daemon [_thread_blocked, id=10244, stack(0x0000000026570000,0x0000000026670000)]
  0x0000000019b46000 JavaThread "JavaCPP Deallocator" daemon [_thread_blocked, id=8664, stack(0x000000001ab70000,0x000000001ac70000)]
  0x000000001a26d000 JavaThread "Workspace deallocator thread" daemon [_thread_blocked, id=856, stack(0x000000001aa70000,0x000000001ab70000)]
  0x000000001749e800 JavaThread "Service Thread" daemon [_thread_blocked, id=10508, stack(0x00000000190a0000,0x00000000191a0000)]
  0x0000000017457000 JavaThread "C1 CompilerThread2" daemon [_thread_blocked, id=10616, stack(0x0000000018ba0000,0x0000000018ca0000)]
  0x0000000017454000 JavaThread "C2 CompilerThread1" daemon [_thread_blocked, id=10668, stack(0x0000000018aa0000,0x0000000018ba0000)]
  0x000000001744e800 JavaThread "C2 CompilerThread0" daemon [_thread_blocked, id=11088, stack(0x00000000189a0000,0x0000000018aa0000)]
  0x000000001744d800 JavaThread "Attach Listener" daemon [_thread_blocked, id=5528, stack(0x00000000188a0000,0x00000000189a0000)]
  0x0000000017449800 JavaThread "Signal Dispatcher" daemon [_thread_blocked, id=11252, stack(0x00000000187a0000,0x00000000188a0000)]
  0x00000000028ee800 JavaThread "Finalizer" daemon [_thread_blocked, id=4464, stack(0x00000000186a0000,0x00000000187a0000)]
  0x00000000028e8800 JavaThread "Reference Handler" daemon [_thread_blocked, id=8644, stack(0x00000000185a0000,0x00000000186a0000)]
=>0x00000000027f9000 JavaThread "main" [_thread_in_native, id=10796, stack(0x00000000025f0000,0x00000000026f0000)]

Other Threads:
  0x0000000017407800 VMThread [stack: 0x00000000184a0000,0x00000000185a0000] [id=10516]
  0x0000000018d5c000 WatcherThread [stack: 0x00000000191a0000,0x00000000192a0000] [id=10164]

VM state:not at safepoint (normal execution)

VM Mutex/Monitor currently owned by a thread: None

Heap:
 PSYoungGen      total 453120K, used 8330K [0x00000000d5d80000, 0x00000000f3b80000, 0x0000000100000000)
  eden space 418304K, 1% used [0x00000000d5d80000,0x00000000d65a2ab0,0x00000000ef600000)
  from space 34816K, 0% used [0x00000000f1880000,0x00000000f1880000,0x00000000f3a80000)
  to   space 35328K, 0% used [0x00000000ef600000,0x00000000ef600000,0x00000000f1880000)
 ParOldGen       total 53760K, used 4876K [0x0000000081800000, 0x0000000084c80000, 0x00000000d5d80000)
  object space 53760K, 9% used [0x0000000081800000,0x0000000081cc33f0,0x0000000084c80000)
 Metaspace       used 21264K, capacity 21454K, committed 21552K, reserved 1069056K
  class space    used 2614K, capacity 2672K, committed 2688K, reserved 1048576K

Card table byte_map: [0x0000000011cb0000,0x00000000120b0000] byte_map_base: 0x00000000118a4000

Marking Bits: (ParMarkBitMap*) 0x0000000050e9d850
 Begin Bits: [0x0000000012760000, 0x0000000014700000)
 End Bits:   [0x0000000014700000, 0x00000000166a0000)

Polling page: 0x0000000000d10000

CodeCache: size=245760Kb used=5505Kb max_used=5680Kb free=240254Kb
 bounds [0x00000000028f0000, 0x0000000002e90000, 0x00000000118f0000]
 total_blobs=2196 nmethods=1254 adapters=856
 compilation: enabled

Compilation events (10 events):
Event: 28.942 Thread 0x0000000017457000 1411       3       org.nd4j.shade.jackson.databind.cfg.MapperConfigBase::findMixInClassFor (32 bytes)
Event: 28.943 Thread 0x0000000017457000 nmethod 1411 0x0000000002a85b10 code [0x0000000002a85cc0, 0x0000000002a863c8]
Event: 28.943 Thread 0x0000000017457000 1412       3       org.nd4j.shade.jackson.databind.type.ClassKey::<init> (29 bytes)
Event: 28.944 Thread 0x0000000017457000 nmethod 1412 0x0000000002b0f810 code [0x0000000002b0f9a0, 0x0000000002b0fdd8]
Event: 29.249 Thread 0x0000000017457000 1414       1       java.lang.reflect.Field::getName (5 bytes)
Event: 29.249 Thread 0x0000000017457000 nmethod 1414 0x0000000002b0f550 code [0x0000000002b0f6a0, 0x0000000002b0f7b0]
Event: 29.341 Thread 0x0000000017457000 1415       1       org.nd4j.linalg.api.buffer.BaseDataBuffer::dataType (5 bytes)
Event: 29.341 Thread 0x0000000017457000 nmethod 1415 0x0000000002a01bd0 code [0x0000000002a01d20, 0x0000000002a01e30]
Event: 29.375 Thread 0x0000000017457000 1416       3       java.util.ArrayList::toArray (60 bytes)
Event: 29.376 Thread 0x0000000017457000 nmethod 1416 0x0000000002a01350 code [0x0000000002a014e0, 0x0000000002a01a98]

GC Heap History (10 events):
Event: 23.187 GC heap before
{Heap before GC invocations=7 (full 0):
 PSYoungGen      total 151040K, used 146245K [0x00000000d5d80000, 0x00000000e0680000, 0x0000000100000000)
  eden space 132096K, 100% used [0x00000000d5d80000,0x00000000dde80000,0x00000000dde80000)
  from space 18944K, 74% used [0x00000000df200000,0x00000000dffd1760,0x00000000e0480000)
  to   space 19968K, 0% used [0x00000000dde80000,0x00000000dde80000,0x00000000df200000)
 ParOldGen       total 87552K, used 22100K [0x0000000081800000, 0x0000000086d80000, 0x00000000d5d80000)
  object space 87552K, 25% used [0x0000000081800000,0x0000000082d950e8,0x0000000086d80000)
 Metaspace       used 20215K, capacity 20392K, committed 20608K, reserved 1067008K
  class space    used 2491K, capacity 2575K, committed 2688K, reserved 1048576K
Event: 23.277 GC heap after
Heap after GC invocations=7 (full 0):
 PSYoungGen      total 152064K, used 19957K [0x00000000d5d80000, 0x00000000e8f80000, 0x0000000100000000)
  eden space 132096K, 0% used [0x00000000d5d80000,0x00000000d5d80000,0x00000000dde80000)
  from space 19968K, 99% used [0x00000000dde80000,0x00000000df1fd570,0x00000000df200000)
  to   space 24576K, 0% used [0x00000000e7780000,0x00000000e7780000,0x00000000e8f80000)
 ParOldGen       total 87552K, used 24434K [0x0000000081800000, 0x0000000086d80000, 0x00000000d5d80000)
  object space 87552K, 27% used [0x0000000081800000,0x0000000082fdca98,0x0000000086d80000)
 Metaspace       used 20215K, capacity 20392K, committed 20608K, reserved 1067008K
  class space    used 2491K, capacity 2575K, committed 2688K, reserved 1048576K
}
Event: 24.612 GC heap before
{Heap before GC invocations=8 (full 0):
 PSYoungGen      total 152064K, used 152053K [0x00000000d5d80000, 0x00000000e8f80000, 0x0000000100000000)
  eden space 132096K, 100% used [0x00000000d5d80000,0x00000000dde80000,0x00000000dde80000)
  from space 19968K, 99% used [0x00000000dde80000,0x00000000df1fd570,0x00000000df200000)
  to   space 24576K, 0% used [0x00000000e7780000,0x00000000e7780000,0x00000000e8f80000)
 ParOldGen       total 87552K, used 24434K [0x0000000081800000, 0x0000000086d80000, 0x00000000d5d80000)
  object space 87552K, 27% used [0x0000000081800000,0x0000000082fdca98,0x0000000086d80000)
 Metaspace       used 20215K, capacity 20392K, committed 20608K, reserved 1067008K
  class space    used 2491K, capacity 2575K, committed 2688K, reserved 1048576K
Event: 24.685 GC heap after
Heap after GC invocations=8 (full 0):
 PSYoungGen      total 286208K, used 20822K [0x00000000d5d80000, 0x00000000e9480000, 0x0000000100000000)
  eden space 261632K, 0% used [0x00000000d5d80000,0x00000000d5d80000,0x00000000e5d00000)
  from space 24576K, 84% used [0x00000000e7780000,0x00000000e8bd5958,0x00000000e8f80000)
  to   space 27136K, 0% used [0x00000000e5d00000,0x00000000e5d00000,0x00000000e7780000)
 ParOldGen       total 87552K, used 25387K [0x0000000081800000, 0x0000000086d80000, 0x00000000d5d80000)
  object space 87552K, 28% used [0x0000000081800000,0x00000000830cac08,0x0000000086d80000)
 Metaspace       used 20215K, capacity 20392K, committed 20608K, reserved 1067008K
  class space    used 2491K, capacity 2575K, committed 2688K, reserved 1048576K
}
Event: 28.244 GC heap before
{Heap before GC invocations=9 (full 0):
 PSYoungGen      total 286208K, used 282454K [0x00000000d5d80000, 0x00000000e9480000, 0x0000000100000000)
  eden space 261632K, 100% used [0x00000000d5d80000,0x00000000e5d00000,0x00000000e5d00000)
  from space 24576K, 84% used [0x00000000e7780000,0x00000000e8bd5958,0x00000000e8f80000)
  to   space 27136K, 0% used [0x00000000e5d00000,0x00000000e5d00000,0x00000000e7780000)
 ParOldGen       total 87552K, used 25387K [0x0000000081800000, 0x0000000086d80000, 0x00000000d5d80000)
  object space 87552K, 28% used [0x0000000081800000,0x00000000830cac08,0x0000000086d80000)
 Metaspace       used 20228K, capacity 20392K, committed 20608K, reserved 1067008K
  class space    used 2491K, capacity 2575K, committed 2688K, reserved 1048576K
Event: 28.397 GC heap after
Heap after GC invocations=9 (full 0):
 PSYoungGen      total 288768K, used 27104K [0x00000000d5d80000, 0x00000000f3a80000, 0x0000000100000000)
  eden space 261632K, 0% used [0x00000000d5d80000,0x00000000d5d80000,0x00000000e5d00000)
  from space 27136K, 99% used [0x00000000e5d00000,0x00000000e7778360,0x00000000e7780000)
  to   space 34816K, 0% used [0x00000000f1880000,0x00000000f1880000,0x00000000f3a80000)
 ParOldGen       total 87552K, used 34183K [0x0000000081800000, 0x0000000086d80000, 0x00000000d5d80000)
  object space 87552K, 39% used [0x0000000081800000,0x0000000083961fe0,0x0000000086d80000)
 Metaspace       used 20228K, capacity 20392K, committed 20608K, reserved 1067008K
  class space    used 2491K, capacity 2575K, committed 2688K, reserved 1048576K
}
Event: 29.083 GC heap before
{Heap before GC invocations=10 (full 0):
 PSYoungGen      total 288768K, used 43040K [0x00000000d5d80000, 0x00000000f3a80000, 0x0000000100000000)
  eden space 261632K, 6% used [0x00000000d5d80000,0x00000000d6d0fce0,0x00000000e5d00000)
  from space 27136K, 99% used [0x00000000e5d00000,0x00000000e7778360,0x00000000e7780000)
  to   space 34816K, 0% used [0x00000000f1880000,0x00000000f1880000,0x00000000f3a80000)
 ParOldGen       total 87552K, used 34183K [0x0000000081800000, 0x0000000086d80000, 0x00000000d5d80000)
  object space 87552K, 39% used [0x0000000081800000,0x0000000083961fe0,0x0000000086d80000)
 Metaspace       used 21027K, capacity 21166K, committed 21296K, reserved 1069056K
  class space    used 2582K, capacity 2640K, committed 2688K, reserved 1048576K
Event: 29.102 GC heap after
Heap after GC invocations=10 (full 0):
 PSYoungGen      total 453120K, used 2086K [0x00000000d5d80000, 0x00000000f3b80000, 0x0000000100000000)
  eden space 418304K, 0% used [0x00000000d5d80000,0x00000000d5d80000,0x00000000ef600000)
  from space 34816K, 5% used [0x00000000f1880000,0x00000000f1a89a30,0x00000000f3a80000)
  to   space 35328K, 0% used [0x00000000ef600000,0x00000000ef600000,0x00000000f1880000)
 ParOldGen       total 87552K, used 34527K [0x0000000081800000, 0x0000000086d80000, 0x00000000d5d80000)
  object space 87552K, 39% used [0x0000000081800000,0x00000000839b7fe0,0x0000000086d80000)
 Metaspace       used 21027K, capacity 21166K, committed 21296K, reserved 1069056K
  class space    used 2582K, capacity 2640K, committed 2688K, reserved 1048576K
}
Event: 29.102 GC heap before
{Heap before GC invocations=11 (full 1):
 PSYoungGen      total 453120K, used 2086K [0x00000000d5d80000, 0x00000000f3b80000, 0x0000000100000000)
  eden space 418304K, 0% used [0x00000000d5d80000,0x00000000d5d80000,0x00000000ef600000)
  from space 34816K, 5% used [0x00000000f1880000,0x00000000f1a89a30,0x00000000f3a80000)
  to   space 35328K, 0% used [0x00000000ef600000,0x00000000ef600000,0x00000000f1880000)
 ParOldGen       total 87552K, used 34527K [0x0000000081800000, 0x0000000086d80000, 0x00000000d5d80000)
  object space 87552K, 39% used [0x0000000081800000,0x00000000839b7fe0,0x0000000086d80000)
 Metaspace       used 21027K, capacity 21166K, committed 21296K, reserved 1069056K
  class space    used 2582K, capacity 2640K, committed 2688K, reserved 1048576K
Event: 29.195 GC heap after
Heap after GC invocations=11 (full 1):
 PSYoungGen      total 453120K, used 0K [0x00000000d5d80000, 0x00000000f3b80000, 0x0000000100000000)
  eden space 418304K, 0% used [0x00000000d5d80000,0x00000000d5d80000,0x00000000ef600000)
  from space 34816K, 0% used [0x00000000f1880000,0x00000000f1880000,0x00000000f3a80000)
  to   space 35328K, 0% used [0x00000000ef600000,0x00000000ef600000,0x00000000f1880000)
 ParOldGen       total 53760K, used 4876K [0x0000000081800000, 0x0000000084c80000, 0x00000000d5d80000)
  object space 53760K, 9% used [0x0000000081800000,0x0000000081cc33f0,0x0000000084c80000)
 Metaspace       used 21027K, capacity 21166K, committed 21296K, reserved 1069056K
  class space    used 2582K, capacity 2640K, committed 2688K, reserved 1048576K
}

Deoptimization events (10 events):
Event: 22.034 Thread 0x00000000027f9000 Uncommon trap: reason=class_check action=maybe_recompile pc=0x0000000002dfed44 method=java.util.regex.Pattern$Begin.match(Ljava/util/regex/Matcher;ILjava/lang/CharSequence;)Z @ 30
Event: 26.369 Thread 0x00000000027f9000 Uncommon trap: reason=class_check action=maybe_recompile pc=0x0000000002e668c8 method=org.reflections.adapters.JavassistAdapter.getOfCreateClassObject(Lorg/reflections/vfs/Vfs$File;)Ljavassist/bytecode/ClassFile; @ 3
Event: 26.576 Thread 0x00000000027f9000 Uncommon trap: reason=unstable_if action=reinterpret pc=0x0000000002e1dcec method=javassist.bytecode.AttributeInfo.read(Ljavassist/bytecode/ConstPool;Ljava/io/DataInputStream;)Ljavassist/bytecode/AttributeInfo; @ 412
Event: 27.020 Thread 0x00000000027f9000 Uncommon trap: reason=unstable_if action=reinterpret pc=0x0000000002a207a4 method=javassist.bytecode.AttributeInfo.read(Ljavassist/bytecode/ConstPool;Ljava/io/DataInputStream;)Ljavassist/bytecode/AttributeInfo; @ 265
Event: 28.406 Thread 0x00000000027f9000 Uncommon trap: reason=unstable_if action=reinterpret pc=0x0000000002e7c694 method=org.deeplearning4j.util.reflections.DL4JSubTypesScanner.scan(Ljava/lang/Object;)V @ 108
Event: 28.407 Thread 0x00000000027f9000 Uncommon trap: reason=unstable_if action=reinterpret pc=0x0000000002e79774 method=org.deeplearning4j.util.reflections.DL4JSubTypesScanner.scan(Ljava/lang/Object;)V @ 108
Event: 28.679 Thread 0x00000000027f9000 Uncommon trap: reason=bimorphic action=maybe_recompile pc=0x0000000002e74944 method=java.util.ArrayList.indexOf(Ljava/lang/Object;)I @ 51
Event: 28.885 Thread 0x00000000027f9000 Uncommon trap: reason=bimorphic action=maybe_recompile pc=0x0000000002e74944 method=java.util.ArrayList.indexOf(Ljava/lang/Object;)I @ 51
Event: 28.907 Thread 0x00000000027f9000 Uncommon trap: reason=bimorphic action=maybe_recompile pc=0x0000000002e74944 method=java.util.ArrayList.indexOf(Ljava/lang/Object;)I @ 51
Event: 28.940 Thread 0x00000000027f9000 Uncommon trap: reason=bimorphic action=maybe_recompile pc=0x0000000002e74944 method=java.util.ArrayList.indexOf(Ljava/lang/Object;)I @ 51

Internal exceptions (10 events):
Event: 3.117 Thread 0x00000000027f9000 Exception <a 'java/security/PrivilegedActionException'> (0x00000000d62dfa10) thrown at [C:\re\workspace\8-2-build-windows-amd64-cygwin\jdk8u151\9699\hotspot\src\share\vm\prims\jvm.cpp, line 1390]
Event: 3.118 Thread 0x00000000027f9000 Exception <a 'java/security/PrivilegedActionException'> (0x00000000d62e1208) thrown at [C:\re\workspace\8-2-build-windows-amd64-cygwin\jdk8u151\9699\hotspot\src\share\vm\prims\jvm.cpp, line 1390]
Event: 3.118 Thread 0x00000000027f9000 Exception <a 'java/security/PrivilegedActionException'> (0x00000000d62e1418) thrown at [C:\re\workspace\8-2-build-windows-amd64-cygwin\jdk8u151\9699\hotspot\src\share\vm\prims\jvm.cpp, line 1390]
Event: 3.131 Thread 0x00000000027f9000 Exception <a 'java/security/PrivilegedActionException'> (0x00000000d62e9db0) thrown at [C:\re\workspace\8-2-build-windows-amd64-cygwin\jdk8u151\9699\hotspot\src\share\vm\prims\jvm.cpp, line 1390]
Event: 3.131 Thread 0x00000000027f9000 Exception <a 'java/security/PrivilegedActionException'> (0x00000000d62e9fc0) thrown at [C:\re\workspace\8-2-build-windows-amd64-cygwin\jdk8u151\9699\hotspot\src\share\vm\prims\jvm.cpp, line 1390]
Event: 3.222 Thread 0x00000000027f9000 Exception <a 'java/lang/NoClassDefFoundError': org/slf4j/impl/StaticLoggerBinder> (0x00000000d6325da0) thrown at [C:\re\workspace\8-2-build-windows-amd64-cygwin\jdk8u151\9699\hotspot\src\share\vm\classfile\systemDictionary.cpp, line 199]
Event: 7.447 Thread 0x00000000027f9000 Implicit null exception at 0x0000000002b2b007 to 0x0000000002b2b285
Event: 12.623 Thread 0x00000000027f9000 Implicit null exception at 0x0000000002b2637b to 0x0000000002b2652d
Event: 12.798 Thread 0x00000000027f9000 Exception <a 'java/lang/NoSuchFieldError': method resolution failed> (0x00000000d6ce2010) thrown at [C:\re\workspace\8-2-build-windows-amd64-cygwin\jdk8u151\9699\hotspot\src\share\vm\prims\methodHandles.cpp, line 1146]
Event: 12.813 Thread 0x00000000027f9000 Exception <a 'java/lang/NoSuchFieldError': method resolution failed> (0x00000000d6cef700) thrown at [C:\re\workspace\8-2-build-windows-amd64-cygwin\jdk8u151\9699\hotspot\src\share\vm\prims\methodHandles.cpp, line 1146]

Events (10 events):
Event: 29.405 loading class org/nd4j/linalg/api/ops/executioner/DefaultOpExecutioner$1
Event: 29.405 loading class org/nd4j/linalg/api/ops/executioner/DefaultOpExecutioner$1 done
Event: 29.406 loading class org/nd4j/linalg/cache/ArrayDescriptor
Event: 29.406 loading class org/nd4j/linalg/cache/ArrayDescriptor done
Event: 29.408 loading class org/nd4j/linalg/cache/ArrayDescriptor$DTYPE
Event: 29.408 loading class org/nd4j/linalg/cache/ArrayDescriptor$DTYPE done
Event: 29.410 loading class org/nd4j/linalg/factory/Nd4j$8
Event: 29.410 loading class org/nd4j/linalg/factory/Nd4j$8 done
Event: 29.418 loading class org/nd4j/linalg/factory/Nd4j$PadMode
Event: 29.418 loading class org/nd4j/linalg/factory/Nd4j$PadMode done


Dynamic libraries:
0x00007ff641e30000 - 0x00007ff641e67000 	C:\jdk\bin\javaw.exe
0x00007ff8d9310000 - 0x00007ff8d94bd000 	C:\Windows\SYSTEM32\ntdll.dll
0x00007ff8d6c80000 - 0x00007ff8d6dbe000 	C:\Windows\system32\KERNEL32.DLL
0x00007ff8bc4c0000 - 0x00007ff8bc4f4000 	C:\Program Files\AVAST Software\Avast\x64\aswhooka.dll
0x00007ff8d6880000 - 0x00007ff8d6996000 	C:\Windows\system32\KERNELBASE.dll
0x00007ff8d5000000 - 0x00007ff8d508e000 	C:\Windows\system32\apphelp.dll
0x00007ff8bfa50000 - 0x00007ff8bfaa3000 	C:\Windows\AppPatch\AppPatch64\AcGenral.DLL
0x00007ff8d6e90000 - 0x00007ff8d6f3a000 	C:\Windows\system32\msvcrt.dll
0x00007ff8d6740000 - 0x00007ff8d676e000 	C:\Windows\system32\SspiCli.dll
0x00007ff8d69b0000 - 0x00007ff8d6a04000 	C:\Windows\system32\SHLWAPI.dll
0x00007ff8d6b00000 - 0x00007ff8d6c77000 	C:\Windows\system32\USER32.dll
0x00007ff8d8ba0000 - 0x00007ff8d8d34000 	C:\Windows\system32\ole32.dll
0x00007ff8d7080000 - 0x00007ff8d85ac000 	C:\Windows\system32\SHELL32.dll
0x00007ff8d5a00000 - 0x00007ff8d5a21000 	C:\Windows\SYSTEM32\USERENV.dll
0x00007ff8d9200000 - 0x00007ff8d92aa000 	C:\Windows\system32\ADVAPI32.dll
0x00007ff8cded0000 - 0x00007ff8cdeee000 	C:\Windows\SYSTEM32\MPR.dll
0x00007ff8d85b0000 - 0x00007ff8d86f0000 	C:\Windows\system32\RPCRT4.dll
0x00007ff8d7020000 - 0x00007ff8d7079000 	C:\Windows\SYSTEM32\sechost.dll
0x00007ff8d8d40000 - 0x00007ff8d8f52000 	C:\Windows\SYSTEM32\combase.dll
0x00007ff8d8a50000 - 0x00007ff8d8b9b000 	C:\Windows\system32\GDI32.dll
0x00007ff8d6440000 - 0x00007ff8d6455000 	C:\Windows\SYSTEM32\profapi.dll
0x00007ff8d4c60000 - 0x00007ff8d4d12000 	C:\Windows\SYSTEM32\SHCORE.dll
0x00007ff8d8a10000 - 0x00007ff8d8a46000 	C:\Windows\system32\IMM32.DLL
0x00007ff8d88a0000 - 0x00007ff8d89f1000 	C:\Windows\system32\MSCTF.dll
0x00007ff8d4080000 - 0x00007ff8d42fb000 	C:\Windows\WinSxS\amd64_microsoft.windows.common-controls_6595b64144ccf1df_6.0.9600.18006_none_623f33d3ecbe86e8\COMCTL32.dll
0x0000000050f20000 - 0x0000000050ff2000 	C:\jdk\jre\bin\msvcr100.dll
0x0000000050680000 - 0x0000000050f1d000 	C:\jdk\jre\bin\server\jvm.dll
0x00007ff8d1e70000 - 0x00007ff8d1e79000 	C:\Windows\SYSTEM32\WSOCK32.dll
0x00007ff8d18d0000 - 0x00007ff8d18f2000 	C:\Windows\SYSTEM32\WINMM.dll
0x00007ff8ce5b0000 - 0x00007ff8ce5ba000 	C:\Windows\SYSTEM32\VERSION.dll
0x00007ff8d6f40000 - 0x00007ff8d6f47000 	C:\Windows\system32\PSAPI.DLL
0x00007ff8d6aa0000 - 0x00007ff8d6afa000 	C:\Windows\system32\WS2_32.dll
0x00007ff8d0ed0000 - 0x00007ff8d0efa000 	C:\Windows\SYSTEM32\WINMMBASE.dll
0x00007ff8d7010000 - 0x00007ff8d7019000 	C:\Windows\system32\NSI.dll
0x00007ff8d66f0000 - 0x00007ff8d673f000 	C:\Windows\SYSTEM32\cfgmgr32.dll
0x00007ff8d5250000 - 0x00007ff8d5278000 	C:\Windows\SYSTEM32\DEVOBJ.dll
0x0000000051730000 - 0x000000005173f000 	C:\jdk\jre\bin\verify.dll
0x0000000050650000 - 0x0000000050679000 	C:\jdk\jre\bin\java.dll
0x0000000050630000 - 0x0000000050646000 	C:\jdk\jre\bin\zip.dll
0x0000000069480000 - 0x000000006b13e000 	C:\Users\avinash.t\.javacpp\cache\nd4j-native-1.0.0-alpha-windows-x86_64-avx2.jar\org\nd4j\nativeblas\windows-x86_64-avx2\libnd4jcpu.dll
0x0000000050610000 - 0x000000005062a000 	C:\jdk\jre\bin\net.dll
0x00007ff8d5c70000 - 0x00007ff8d5cc9000 	C:\Windows\system32\mswsock.dll
0x00000000505f0000 - 0x0000000050601000 	C:\jdk\jre\bin\nio.dll
0x0000000066880000 - 0x0000000066e41000 	C:\Users\avinash.t\.javacpp\cache\nd4j-native-1.0.0-alpha-windows-x86_64-avx2.jar\org\nd4j\nativeblas\windows-x86_64-avx2\jnind4jcpu.dll
0x000000006d7c0000 - 0x000000006f95e000 	C:\Users\avinash.t\.javacpp\cache\openblas-0.2.20-1.4.1-windows-x86_64.jar\org\bytedeco\javacpp\windows-x86_64\libopenblas.dll
0x0000000067800000 - 0x0000000068570000 	C:\Users\avinash.t\.javacpp\cache\openblas-0.2.20-1.4.1-windows-x86_64.jar\org\bytedeco\javacpp\windows-x86_64\jniopenblas.dll
0x00007ff8ce420000 - 0x00007ff8ce5a9000 	C:\Windows\SYSTEM32\dbghelp.dll

VM Arguments:
jvm_args: -Dfile.encoding=UTF-8 
java_command: DeeplearningXOR.DeeplearningXOR.App
java_class_path (initial): F:\AI\Java\EclpiseAIDeepLearning\EclpiseAiDeepLearning\DeeplearningXOR\target\classes;C:\Users\avinash.t\.m2\repository\org\nd4j\nd4j-native-platform\1.0.0-alpha\nd4j-native-platform-1.0.0-alpha.jar;C:\Users\avinash.t\.m2\repository\org\bytedeco\javacpp-presets\openblas-platform\0.2.20-1.4.1\openblas-platform-0.2.20-1.4.1.jar;C:\Users\avinash.t\.m2\repository\org\bytedeco\javacpp-presets\openblas\0.2.20-1.4.1\openblas-0.2.20-1.4.1-android-arm.jar;C:\Users\avinash.t\.m2\repository\org\bytedeco\javacpp-presets\openblas\0.2.20-1.4.1\openblas-0.2.20-1.4.1-android-arm64.jar;C:\Users\avinash.t\.m2\repository\org\bytedeco\javacpp-presets\openblas\0.2.20-1.4.1\openblas-0.2.20-1.4.1-android-x86.jar;C:\Users\avinash.t\.m2\repository\org\bytedeco\javacpp-presets\openblas\0.2.20-1.4.1\openblas-0.2.20-1.4.1-android-x86_64.jar;C:\Users\avinash.t\.m2\repository\org\bytedeco\javacpp-presets\openblas\0.2.20-1.4.1\openblas-0.2.20-1.4.1-ios-arm64.jar;C:\Users\avinash.t\.m2\repository\org\bytedeco\javacpp-presets\openblas\0.2.20-1.4.1\openblas-0.2.20-1.4.1-ios-x86_64.jar;C:\Users\avinash.t\.m2\repository\org\bytedeco\javacpp-presets\openblas\0.2.20-1.4.1\openblas-0.2.20-1.4.1-linux-x86.jar;C:\Users\avinash.t\.m2\repository\org\bytedeco\javacpp-presets\openblas\0.2.20-1.4.1\openblas-0.2.20-1.4.1-linux-x86_64.jar;C:\Users\avinash.t\.m2\repository\org\bytedeco\javacpp-presets\openblas\0.2.20-1.4.1\openblas-0.2.20-1.4.1-linux-armhf.jar;C:\Users\avinash.t\.m2\repository\org\bytedeco\javacpp-presets\openblas\0.2.20-1.4.1\openblas-0.2.20-1.4.1-linux-ppc64le.jar;C:\Users\avinash.t\.m2\repository\org\bytedeco\javacpp-presets\openblas\0.2.20-1.4.1\openblas-0.2.20-1.4.1-macosx-x86_64.jar;C:\Users\avinash.t\.m2\repository\org\bytedeco\javacpp-presets\openblas\0.2.20-1.4.1\openblas-0.2.20-1.4.1-windows-x86.jar;C:\Users\avinash.t\.m2\repository\org\bytedeco\javacpp-presets\mkl-platform\2018.1-1.4.1\mkl-platform-2018.1-1.4.1.jar;C:\Users\avinash.t\.m2\repository\org\byted
Launcher Type: SUN_STANDARD

Environment Variables:
JAVA_HOME=C:\jdk
USERNAME=avinash.t
OS=Windows_NT
PROCESSOR_IDENTIFIER=Intel64 Family 6 Model 55 Stepping 3, GenuineIntel



---------------  S Y S T E M  ---------------

OS: Windows 8.1 , 64 bit Build 9600 (6.3.9600.17415)

CPU:total 4 (initial active 4) (4 cores per cpu, 1 threads per core) family 6 model 55 stepping 3, cmov, cx8, fxsr, mmx, sse, sse2, sse3, ssse3, sse4.1, sse4.2, popcnt, clmul, erms, 3dnowpref, tsc, tscinvbit

Memory: 4k page, physical 8282712k(1742820k free), swap 9593432k(1051568k free)

vm_info: Java HotSpot(TM) 64-Bit Server VM (25.151-b12) for windows-amd64 JRE (1.8.0_151-b12), built on Sep  5 2017 19:33:46 by "java_re" with MS VC++ 10.0 (VS2010)

time: Sat Jul 07 18:09:20 2018
elapsed time: 29 seconds (0d 0h 0m 29s)

