2018-07-22 15:57:34,013 INFO  -- Loaded [CpuBackend] backend 
2018-07-22 15:57:34,321 DEBUG -- going to scan these urls:
file:/C:/Users/avinash.t/.gradle/caches/modules-2/files-2.1/commons-io/commons-io/2.4/b1b6ea3b7e4aa4f492509a4952029cd8e48019ad/commons-io-2.4.jar
file:/C:/Users/avinash.t/.gradle/caches/modules-2/files-2.1/org.apache.commons/commons-lang3/3.4/5fe28b9518e58819180a43a850fbc0dd24b7c050/commons-lang3-3.4.jar
file:/C:/Users/avinash.t/.gradle/caches/modules-2/files-2.1/com.github.jai-imageio/jai-imageio-core/1.3.0/268feccd3a0fe32058ede66db41a21d9c7a9e535/jai-imageio-core-1.3.0.jar
file:/C:/Users/avinash.t/.gradle/caches/modules-2/files-2.1/org.bytedeco/javacv/1.3.3/df8e6257480f3f58fca5f6867fe6bf6ac000d7ea/javacv-1.3.3.jar
file:/C:/Users/avinash.t/.gradle/caches/modules-2/files-2.1/org.bytedeco.javacpp-presets/openblas/0.2.19-1.3/d82330716ef90c175cfe238a4b8b0509a6fa705c/openblas-0.2.19-1.3.jar
file:/C:/Users/avinash.t/.gradle/caches/modules-2/files-2.1/org.bytedeco.javacpp-presets/openblas/0.2.19-1.3/2e6e277acdbad4d037ed26ee40ac2f5db57196c9/openblas-0.2.19-1.3-linux-ppc64le.jar
file:/C:/Users/avinash.t/.gradle/caches/modules-2/files-2.1/org.bytedeco.javacpp-presets/opencv/3.2.0-1.3/8768f158b0ce3cfb324600285afd116fc064d9b9/opencv-3.2.0-1.3-linux-ppc64le.jar
file:/C:/Users/avinash.t/.gradle/caches/modules-2/files-2.1/org.apache.commons/commons-compress/1.8.1/a698750c16740fd5b3871425f4cb3bbaa87f529d/commons-compress-1.8.1.jar
file:/C:/Users/avinash.t/.gradle/caches/modules-2/files-2.1/org.bytedeco.javacpp-presets/artoolkitplus/2.3.1-1.3/543bf47572afc2f02c30f125d77019b1306e82d1/artoolkitplus-2.3.1-1.3.jar
file:/C:/Users/avinash.t/.gradle/caches/modules-2/files-2.1/org.bytedeco.javacpp-presets/leptonica/1.73-1.3/f5aee63533a29870cc33153379e8023bc89328dc/leptonica-1.73-1.3-android-x86.jar
file:/C:/Program%20Files%20(x86)/Java/jre1.8.0_181/lib/ext/localedata.jar
file:/C:/Users/avinash.t/.gradle/caches/modules-2/files-2.1/org.bytedeco.javacpp-presets/videoinput/0.200-1.3/f30b2cba25b56af3a60a679775016537fda37c41/videoinput-0.200-1.3.jar
file:/C:/Users/avinash.t/.gradle/caches/modules-2/files-2.1/org.bytedeco.javacpp-presets/hdf5/1.10.0-patch1-1.3/ce1226e7bd51d3fd9d88865d1294aac61e119d09/hdf5-1.10.0-patch1-1.3.jar
file:/C:/Users/avinash.t/.gradle/caches/modules-2/files-2.1/org.bytedeco.javacpp-presets/openblas/0.2.19-1.3/8a405939a23f53f980d9a32678efff424c593d51/openblas-0.2.19-1.3-macosx-x86_64.jar
file:/C:/Users/avinash.t/.gradle/caches/modules-2/files-2.1/org.bytedeco.javacpp-presets/libfreenect2/0.2.0-1.3/afd5363d196de86fece4e138ced9d624e0eab5b2/libfreenect2-0.2.0-1.3.jar
file:/C:/Users/avinash.t/.gradle/caches/modules-2/files-2.1/org.nd4j/nd4j-context/0.9.1/bd07864a9c490a01cc88e23b6b3b40fef43014a0/nd4j-context-0.9.1.jar
file:/C:/Users/avinash.t/.gradle/caches/modules-2/files-2.1/org.bytedeco.javacpp-presets/hdf5/1.10.0-patch1-1.3/fe76440423817b0f60d6df3a18ebd4e0f0dcdd0b/hdf5-1.10.0-patch1-1.3-macosx-x86_64.jar
file:/C:/Users/avinash.t/.gradle/caches/modules-2/files-2.1/org.nd4j/nd4j-native/0.9.1/8b64d48fd90253fbec571488e964c9150fa08ff2/nd4j-native-0.9.1-windows-x86_64.jar
file:/C:/Users/avinash.t/.gradle/caches/modules-2/files-2.1/org.bytedeco.javacpp-presets/leptonica/1.73-1.3/556c28976b41ddddbb6304f6fb86ac07d607e81e/leptonica-1.73-1.3-linux-ppc64le.jar
file:/C:/Users/avinash.t/.gradle/caches/modules-2/files-2.1/org.nd4j/nd4j-native/0.9.1/d0d4e11141bccf1de588a6edb887c811a4b5ab79/nd4j-native-0.9.1.jar
file:/C:/Users/avinash.t/.gradle/caches/modules-2/files-2.1/org.nd4j/nd4j-common/0.9.1/b04b22aed42a51b2f381ba3f6dec4799564312b0/nd4j-common-0.9.1.jar
file:/C:/Users/avinash.t/.gradle/caches/modules-2/files-2.1/org.bytedeco.javacpp-presets/hdf5/1.10.0-patch1-1.3/9b3d950b4f6681e36a03d12006784b54509b5195/hdf5-1.10.0-patch1-1.3-windows-x86_64.jar
file:/C:/Users/avinash.t/.gradle/caches/modules-2/files-2.1/org.nd4j/nd4j-native-platform/0.9.1/952a27987f4fea4ba3a2547551fcc5e31c595c37/nd4j-native-platform-0.9.1.jar
file:/C:/Users/avinash.t/.gradle/caches/modules-2/files-2.1/org.nd4j/jackson/0.9.1/e457a1d6897967fb4a7551824549fed587a57f62/jackson-0.9.1.jar
file:/C:/Users/avinash.t/.gradle/caches/modules-2/files-2.1/org.bytedeco.javacpp-presets/openblas-platform/0.2.19-1.3/eab27eea89eabf1347c4263d91a7c1f9d05dc4f6/openblas-platform-0.2.19-1.3.jar
file:/C:/Users/avinash.t/.gradle/caches/modules-2/files-2.1/com.twelvemonkeys.common/common-lang/3.1.1/a9b5f8094211a8fbe5e9f469ebb266c1886d3666/common-lang-3.1.1.jar
file:/C:/Program%20Files%20(x86)/Java/jre1.8.0_181/lib/ext/sunmscapi.jar
file:/C:/Users/avinash.t/.gradle/caches/modules-2/files-2.1/org.deeplearning4j/deeplearning4j-modelimport/0.9.1/62d6ab649e34c94fafb2df8e0dd5aa2e9699e54c/deeplearning4j-modelimport-0.9.1.jar
file:/C:/Users/avinash.t/.gradle/caches/modules-2/files-2.1/org.bytedeco.javacpp-presets/hdf5/1.10.0-patch1-1.3/9b745bd9e86f86468be56562c72a249a008c6631/hdf5-1.10.0-patch1-1.3-linux-x86_64.jar
file:/C:/Users/avinash.t/.gradle/caches/modules-2/files-2.1/org.nd4j/nd4j-native/0.9.1/c25d480129677653987292797de2aabc77ea0d7e/nd4j-native-0.9.1-macosx-x86_64.jar
file:/C:/Users/avinash.t/.gradle/caches/modules-2/files-2.1/org.bytedeco.javacpp-presets/leptonica/1.73-1.3/91ec2406594c843b8d83a088ebef45ef5ad5c9a8/leptonica-1.73-1.3-linux-x86.jar
file:/F:/AI/Java/dl4jSamples/EclpiseDl4J/DeeplearningQuikstart/bin/
file:/C:/Users/avinash.t/.gradle/caches/modules-2/files-2.1/org.bytedeco.javacpp-presets/openblas/0.2.19-1.3/ef70f48568644a11e29c69981147cba2b3681c55/openblas-0.2.19-1.3-android-arm.jar
file:/C:/Users/avinash.t/.gradle/caches/modules-2/files-2.1/org.datavec/datavec-api/0.9.1/72c5afdf4d75a2b654631416bad324436081f3b/datavec-api-0.9.1.jar
file:/C:/Users/avinash.t/.gradle/caches/modules-2/files-2.1/org.bytedeco.javacpp-presets/opencv/3.2.0-1.3/2a562ef4d4408c1dea5d4190b6bbd151a83c8eae/opencv-3.2.0-1.3-android-x86.jar
file:/C:/Users/avinash.t/.gradle/caches/modules-2/files-2.1/org.bytedeco.javacpp-presets/libfreenect/0.5.3-1.3/ea7981fbc3eba3cf3d8c1b8492d1952b85d20068/libfreenect-0.5.3-1.3.jar
file:/C:/Users/avinash.t/.gradle/caches/modules-2/files-2.1/org.nd4j/nd4j-base64/0.9.1/ac37d0e4604df53db1a7a4fd8b09841a779792d3/nd4j-base64-0.9.1.jar
file:/C:/Users/avinash.t/.gradle/caches/modules-2/files-2.1/org.slf4j/slf4j-api/1.7.25/da76ca59f6a57ee3102f8f9bd9cee742973efa8a/slf4j-api-1.7.25.jar
file:/C:/Users/avinash.t/.gradle/caches/modules-2/files-2.1/org.nd4j/nd4j-buffer/0.9.1/55e8026a87719eca757b1eb05e458c66ed6e35dc/nd4j-buffer-0.9.1.jar
file:/C:/Users/avinash.t/.gradle/caches/modules-2/files-2.1/org.yaml/snakeyaml/1.12/ebe66a6b88caab31d7a19571ad23656377523545/snakeyaml-1.12.jar
file:/C:/Users/avinash.t/.gradle/caches/modules-2/files-2.1/org.bytedeco.javacpp-presets/opencv/3.2.0-1.3/2e066032f00ee55a28ffdc96f37211f827d98e9b/opencv-3.2.0-1.3-macosx-x86_64.jar
file:/C:/Users/avinash.t/.gradle/caches/modules-2/files-2.1/org.apache.commons/commons-math3/3.6.1/e4ba98f1d4b3c80ec46392f25e094a6a2e58fcbf/commons-math3-3.6.1.jar
file:/C:/Users/avinash.t/.gradle/caches/modules-2/files-2.1/org.bytedeco.javacpp-presets/flandmark/1.07-1.3/e5cd132c846b296edc8eee43c596583adfd151de/flandmark-1.07-1.3.jar
file:/C:/Users/avinash.t/.gradle/caches/modules-2/files-2.1/commons-net/commons-net/3.1/2298164a7c2484406f2aa5ac85b205d39019896f/commons-net-3.1.jar
file:/C:/Users/avinash.t/.gradle/caches/modules-2/files-2.1/joda-time/joda-time/2.9.2/36d6e77a419cb455e6fd5909f6f96b168e21e9d0/joda-time-2.9.2.jar
file:/C:/Users/avinash.t/.gradle/caches/modules-2/files-2.1/org.bytedeco.javacpp-presets/openblas/0.2.19-1.3/5700913706162e7e306289bd06cd0508d49d6c85/openblas-0.2.19-1.3-windows-x86_64.jar
file:/C:/Users/avinash.t/.gradle/caches/modules-2/files-2.1/com.twelvemonkeys.imageio/imageio-psd/3.1.1/8073714c928c9343a9e6dc68b4f48ab9c51a41f0/imageio-psd-3.1.1.jar
file:/C:/Users/avinash.t/.gradle/caches/modules-2/files-2.1/com.twelvemonkeys.imageio/imageio-jpeg/3.1.1/464d6537504c7855c8aa3669b2726641ee3fd00c/imageio-jpeg-3.1.1.jar
file:/C:/Users/avinash.t/.gradle/caches/modules-2/files-2.1/com.twelvemonkeys.imageio/imageio-core/3.1.1/dbdf29da53ac89753d9abfc0f38802f6483821e/imageio-core-3.1.1.jar
file:/C:/Users/avinash.t/.gradle/caches/modules-2/files-2.1/org.nd4j/nd4j-native-api/0.9.1/7fcba24a804d955bcc6958609b41fb562b7a491c/nd4j-native-api-0.9.1.jar
file:/C:/Users/avinash.t/.gradle/caches/modules-2/files-2.1/org.bytedeco.javacpp-presets/hdf5-platform/1.10.0-patch1-1.3/e621453341f1a920b86fa611ac29c135fed221c8/hdf5-platform-1.10.0-patch1-1.3.jar
file:/C:/Program%20Files%20(x86)/Java/jre1.8.0_181/lib/ext/sunec.jar
file:/C:/Users/avinash.t/.gradle/caches/modules-2/files-2.1/org.bytedeco.javacpp-presets/opencv/3.2.0-1.3/38bb9bef4fea8c7489aab7a7d838f0aac7a616cd/opencv-3.2.0-1.3-windows-x86.jar
file:/C:/Users/avinash.t/.gradle/caches/modules-2/files-2.1/org.bytedeco.javacpp-presets/leptonica/1.73-1.3/b7b413f6450b7dd922af6dfdf5e54fb53b2c6ab6/leptonica-1.73-1.3-android-arm.jar
file:/C:/Users/avinash.t/.gradle/caches/modules-2/files-2.1/org.bytedeco/javacpp/1.3.3/bdea626b334e6a31cfa7b2a9ab3881e6da7015ce/javacpp-1.3.3.jar
file:/C:/Users/avinash.t/.gradle/caches/modules-2/files-2.1/org.bytedeco.javacpp-presets/opencv-platform/3.2.0-1.3/28c5ebd90f18c239cbbd09dbfcce2fadab6aa76/opencv-platform-3.2.0-1.3.jar
file:/C:/Users/avinash.t/.gradle/caches/modules-2/files-2.1/junit/junit/4.8.2/c94f54227b08100974c36170dcb53329435fe5ad/junit-4.8.2.jar
file:/C:/Users/avinash.t/.gradle/caches/modules-2/files-2.1/org.bytedeco.javacpp-presets/libdc1394/2.2.4-1.3/e702de628164ba633e77f3b4a4a16a0c402ce364/libdc1394-2.2.4-1.3.jar
file:/C:/Users/avinash.t/.gradle/caches/modules-2/files-2.1/com.twelvemonkeys.imageio/imageio-tiff/3.1.1/df54331a36fba97907e9413297c51defbe24a224/imageio-tiff-3.1.1.jar
file:/C:/Users/avinash.t/.gradle/caches/modules-2/files-2.1/org.slf4j/slf4j-api/1.7.12/8e20852d05222dc286bf1c71d78d0531e177c317/slf4j-api-1.7.12.jar
file:/C:/Users/avinash.t/.gradle/caches/modules-2/files-2.1/org.bytedeco.javacpp-presets/librealsense/1.9.6-1.3/a38afba003c895652db9f29f7e014e451a73a0b4/librealsense-1.9.6-1.3.jar
file:/C:/Users/avinash.t/.gradle/caches/modules-2/files-2.1/org.bytedeco.javacpp-presets/flycapture/2.9.3.43-1.3/bb48ed01be621b6b38b91d45a96e68e7ad7bf25e/flycapture-2.9.3.43-1.3.jar
file:/C:/Program%20Files%20(x86)/Java/jre1.8.0_181/lib/ext/access-bridge-32.jar
file:/C:/Program%20Files%20(x86)/Java/jre1.8.0_181/lib/ext/sunjce_provider.jar
file:/C:/Users/avinash.t/.gradle/caches/modules-2/files-2.1/org.bytedeco.javacpp-presets/opencv/3.2.0-1.3/7fdd60baeb95fc02f5714de4e5882035d892bd06/opencv-3.2.0-1.3-linux-armhf.jar
file:/C:/Users/avinash.t/.gradle/caches/modules-2/files-2.1/org.bytedeco.javacpp-presets/leptonica/1.73-1.3/a56eae1a46553c879269087e1787aec5a4675e1f/leptonica-1.73-1.3-macosx-x86_64.jar
file:/C:/Users/avinash.t/.gradle/caches/modules-2/files-2.1/org.bytedeco.javacpp-presets/leptonica/1.73-1.3/d435e780eda858c19ed56cb632174ab599b19825/leptonica-1.73-1.3-linux-armhf.jar
file:/C:/Users/avinash.t/.gradle/caches/modules-2/files-2.1/log4j/log4j/1.2.17/5af35056b4d257e4b64b9e8069c0746e8b08629f/log4j-1.2.17.jar
file:/C:/Users/avinash.t/.gradle/caches/modules-2/files-2.1/org.deeplearning4j/deeplearning4j-ui-components/0.9.1/c02b15e57a0a6132f9c5759ccb03bd728c5aec4d/deeplearning4j-ui-components-0.9.1.jar
file:/C:/Users/avinash.t/.gradle/caches/modules-2/files-2.1/org.bytedeco.javacpp-presets/leptonica/1.73-1.3/f298bbd00ae8d620507c0d4ecab5e49a7eb85e03/leptonica-1.73-1.3-windows-x86_64.jar
file:/C:/Program%20Files%20(x86)/Java/jre1.8.0_181/lib/ext/nashorn.jar
file:/C:/Users/avinash.t/.gradle/caches/modules-2/files-2.1/org.hamcrest/hamcrest-core/1.3/42a25dc3219429f0e5d060061f71acb49bf010a0/hamcrest-core-1.3.jar
file:/C:/Program%20Files%20(x86)/Java/jre1.8.0_181/lib/ext/dnsns.jar
file:/C:/Users/avinash.t/.gradle/caches/modules-2/files-2.1/org.bytedeco.javacpp-presets/hdf5/1.10.0-patch1-1.3/76b579910f51cd628bed8f6cbb245670483b9eeb/hdf5-1.10.0-patch1-1.3-windows-x86.jar
file:/C:/Users/avinash.t/.gradle/caches/modules-2/files-2.1/org.bytedeco.javacpp-presets/leptonica/1.73-1.3/40c4ab433811c566104993f3a93fd70f809f33be/leptonica-1.73-1.3.jar
file:/C:/Users/avinash.t/.gradle/caches/modules-2/files-2.1/org.bytedeco.javacpp-presets/ffmpeg/3.2.1-1.3/2b506fefac100e50800bb1b5908d7588ab21fb45/ffmpeg-3.2.1-1.3.jar
file:/C:/Users/avinash.t/.gradle/caches/modules-2/files-2.1/commons-codec/commons-codec/1.10/4b95f4897fa13f2cd904aee711aeafc0c5295cd8/commons-codec-1.10.jar
file:/C:/Users/avinash.t/.gradle/caches/modules-2/files-2.1/org.projectlombok/lombok/1.16.16/245b50f714bf89ed7659266ace12f9e509d13551/lombok-1.16.16.jar
file:/C:/Program%20Files%20(x86)/Java/jre1.8.0_181/lib/ext/cldrdata.jar
file:/C:/Users/avinash.t/.gradle/caches/modules-2/files-2.1/org.bytedeco.javacpp-presets/hdf5/1.10.0-patch1-1.3/b17738459b3365df8d3431d43f47f20e8e416732/hdf5-1.10.0-patch1-1.3-linux-ppc64le.jar
file:/C:/Users/avinash.t/.gradle/caches/modules-2/files-2.1/org.nd4j/nd4j-jackson/0.9.1/f075d7ce5cafc705b2743891da920ec66dc50b6c/nd4j-jackson-0.9.1.jar
file:/C:/Users/avinash.t/.gradle/caches/modules-2/files-2.1/com.twelvemonkeys.imageio/imageio-metadata/3.1.1/52b6b85601492e94fa8a08211c08179b1c888d91/imageio-metadata-3.1.1.jar
file:/C:/Users/avinash.t/.gradle/caches/modules-2/files-2.1/org.bytedeco.javacpp-presets/opencv/3.2.0-1.3/8078a64309b575ef2cfb6b369eef61f30580bd65/opencv-3.2.0-1.3-windows-x86_64.jar
file:/C:/Users/avinash.t/.gradle/caches/modules-2/files-2.1/org.codehaus.woodstox/stax2-api/3.1.4/ac19014b1e6a7c08aad07fe114af792676b685b7/stax2-api-3.1.4.jar
file:/C:/Users/avinash.t/.gradle/caches/modules-2/files-2.1/com.twelvemonkeys.common/common-image/3.1.1/c86b3bc138b0caee17ce4193275636543cf28bfe/common-image-3.1.1.jar
file:/C:/Users/avinash.t/.gradle/caches/modules-2/files-2.1/org.deeplearning4j/nearestneighbor-core/0.9.1/8abc22340743b31253a0120f632492bad49ca711/nearestneighbor-core-0.9.1.jar
file:/C:/Users/avinash.t/.gradle/caches/modules-2/files-2.1/org.nd4j/nd4j-native/0.9.1/98cf23e416181df854dde539316dae2505a8911a/nd4j-native-0.9.1-android-arm.jar
file:/C:/Users/avinash.t/.gradle/caches/modules-2/files-2.1/org.bytedeco.javacpp-presets/openblas/0.2.19-1.3/dad2dde60800dfb1108f957f514a5f8de942f5d3/openblas-0.2.19-1.3-linux-armhf.jar
file:/C:/Program%20Files%20(x86)/Java/jre1.8.0_181/lib/ext/zipfs.jar
file:/C:/Users/avinash.t/.gradle/caches/modules-2/files-2.1/org.bytedeco.javacpp-presets/opencv/3.2.0-1.3/7db41aeb44fbf201187aa4a1f899d367f1b01ded/opencv-3.2.0-1.3-linux-x86.jar
file:/C:/Users/avinash.t/.gradle/caches/modules-2/files-2.1/org.nd4j/nd4j-native/0.9.1/73604d40f4d414716375d579e7568f392d656c4f/nd4j-native-0.9.1-android-x86.jar
file:/C:/Program%20Files%20(x86)/Java/jre1.8.0_181/lib/ext/sunpkcs11.jar
file:/C:/Users/avinash.t/.gradle/caches/modules-2/files-2.1/org.datavec/datavec-data-image/0.9.1/d9e48c7c9248540069210630a13925ae4504ee8c/datavec-data-image-0.9.1.jar
file:/C:/Users/avinash.t/.gradle/caches/modules-2/files-2.1/net.ericaro/neoitertools/1.0.0/25fa0a0aaf12bc386ecdb19a6ee747b361c73a20/neoitertools-1.0.0.jar
file:/C:/Users/avinash.t/.gradle/caches/modules-2/files-2.1/com.twelvemonkeys.common/common-io/3.1.1/b6aec796ca2d20b145b6fa88bbe068724a258450/common-io-3.1.1.jar
file:/C:/Users/avinash.t/.gradle/caches/modules-2/files-2.1/org.bytedeco.javacpp-presets/leptonica-platform/1.73-1.3/99ab56ba1f9248e39e8c502df2b4849b4e33b425/leptonica-platform-1.73-1.3.jar
file:/C:/Users/avinash.t/.gradle/caches/modules-2/files-2.1/com.twelvemonkeys.imageio/imageio-bmp/3.1.1/3b6f82168a6f76899e33a8a9f4058d0e127df30e/imageio-bmp-3.1.1.jar
file:/C:/Users/avinash.t/.gradle/caches/modules-2/files-2.1/org.bytedeco.javacpp-presets/hdf5/1.10.0-patch1-1.3/8e3c1edd8e91fd4fe6ad802e80102084a873f575/hdf5-1.10.0-patch1-1.3-linux-x86.jar
file:/C:/Users/avinash.t/.gradle/caches/modules-2/files-2.1/org.bytedeco.javacpp-presets/openblas/0.2.19-1.3/f10fed548970f6bc1f8f0692da30f6328da21b59/openblas-0.2.19-1.3-windows-x86.jar
file:/C:/Users/avinash.t/.gradle/caches/modules-2/files-2.1/junit/junit/4.12/2973d150c0dc1fefe998f834810d68f278ea58ec/junit-4.12.jar
file:/C:/Users/avinash.t/.gradle/caches/modules-2/files-2.1/it.unimi.dsi/fastutil/6.5.7/dec71174d0c8a20f355e5af8b59f25eb424c49d3/fastutil-6.5.7.jar
file:/C:/Users/avinash.t/.gradle/caches/modules-2/files-2.1/org.bytedeco.javacpp-presets/openblas/0.2.19-1.3/9d1b1cceb7e113eb31b198bffcb336647191dda4/openblas-0.2.19-1.3-linux-x86_64.jar
file:/C:/Users/avinash.t/.gradle/caches/modules-2/files-2.1/org.slf4j/slf4j-log4j12/1.7.25/110cefe2df103412849d72ef7a67e4e91e4266b4/slf4j-log4j12-1.7.25.jar
file:/C:/Users/avinash.t/.gradle/caches/modules-2/files-2.1/net.sf.opencsv/opencsv/2.3/c23708cdb9e80a144db433e23344a788a1fd6599/opencsv-2.3.jar
file:/C:/Users/avinash.t/.gradle/caches/modules-2/files-2.1/com.google.code.findbugs/annotations/2.0.1/9ef6656259841cebfb9fb0697bb122ada4485498/annotations-2.0.1.jar
file:/C:/Users/avinash.t/.gradle/caches/modules-2/files-2.1/org.bytedeco.javacpp-presets/openblas/0.2.19-1.3/2189141b6c83cc8e5b342b04e8f49e22996f72f4/openblas-0.2.19-1.3-android-x86.jar
file:/C:/Users/avinash.t/.gradle/caches/modules-2/files-2.1/org.nd4j/nd4j-api/0.9.1/781bbeed71ef40b902c4b8076c7a2fc937f85160/nd4j-api-0.9.1.jar
file:/C:/Users/avinash.t/.gradle/caches/modules-2/files-2.1/org.bytedeco.javacpp-presets/openblas/0.2.19-1.3/f4690d42b6fb6c2e51ef7c4412128bccaf58a30b/openblas-0.2.19-1.3-linux-x86.jar
file:/C:/Users/avinash.t/.gradle/caches/modules-2/files-2.1/org.deeplearning4j/deeplearning4j-nn/0.9.1/e4f9dd017e953f68209667613a9cb1710edae34/deeplearning4j-nn-0.9.1.jar
file:/C:/Users/avinash.t/.gradle/caches/modules-2/files-2.1/com.github.stephenc.findbugs/findbugs-annotations/1.3.9-1/a6b11447635d80757d64b355bed3c00786d86801/findbugs-annotations-1.3.9-1.jar
file:/C:/Users/avinash.t/.gradle/caches/modules-2/files-2.1/org.bytedeco.javacpp-presets/opencv/3.2.0-1.3/4c712afdddfbd1b9da59255f9f45a7f24252524e/opencv-3.2.0-1.3-linux-x86_64.jar
file:/C:/Users/avinash.t/.gradle/caches/modules-2/files-2.1/org.reflections/reflections/0.9.10/c7f4ea230aedc757ca1499ebcfb2953c81cf8b67/reflections-0.9.10.jar
file:/C:/Program%20Files%20(x86)/Java/jre1.8.0_181/lib/ext/jfxrt.jar
file:/C:/Users/avinash.t/.gradle/caches/modules-2/files-2.1/org.bytedeco.javacpp-presets/opencv/3.2.0-1.3/8affe9427828689dd9b5cc8d59d8492cf28bd06f/opencv-3.2.0-1.3-android-arm.jar
file:/C:/Users/avinash.t/.gradle/caches/modules-2/files-2.1/org.javassist/javassist/3.18.2-GA/1180a90fbad732b60fb728a6bbe8fcb3151423d7/javassist-3.18.2-GA.jar
file:/C:/Users/avinash.t/.gradle/caches/modules-2/files-2.1/org.deeplearning4j/deeplearning4j-core/0.9.1/a91d6a7ee5ec724e975bfa10df59f91ded5eb872/deeplearning4j-core-0.9.1.jar
file:/C:/Program%20Files%20(x86)/Java/jre1.8.0_181/lib/ext/jaccess.jar
file:/C:/Users/avinash.t/.gradle/caches/modules-2/files-2.1/com.clearspring.analytics/stream/2.7.0/9998f8cf87d329fef226405f8d519638cfe1431d/stream-2.7.0.jar
file:/C:/Users/avinash.t/.gradle/caches/modules-2/files-2.1/com.google.guava/guava/21.0/3a3d111be1be1b745edfa7d91678a12d7ed38709/guava-21.0.jar
file:/C:/Users/avinash.t/.gradle/caches/modules-2/files-2.1/org.bytedeco.javacpp-presets/leptonica/1.73-1.3/88bc73b49b31463ec525c13ec83c3f229b934c3c/leptonica-1.73-1.3-windows-x86.jar
file:/C:/Users/avinash.t/.gradle/caches/modules-2/files-2.1/org.nd4j/nd4j-native/0.9.1/5878a9a35728170ca6466ffbbe0636a429f26245/nd4j-native-0.9.1-linux-ppc64le.jar
file:/C:/Users/avinash.t/.gradle/caches/modules-2/files-2.1/org.bytedeco.javacpp-presets/opencv/3.2.0-1.3/d442ea90d190e680d8c6f18469aaeaed26c00c77/opencv-3.2.0-1.3.jar
file:/C:/Users/avinash.t/.gradle/caches/modules-2/files-2.1/org.freemarker/freemarker/2.3.23/cd143cd8c02a9f838e3cb75a6dfe133750437f6d/freemarker-2.3.23.jar
file:/C:/Users/avinash.t/.gradle/caches/modules-2/files-2.1/org.nd4j/nd4j-native/0.9.1/dad24bde8da226270eb95dd922c8159ba336ae84/nd4j-native-0.9.1-linux-x86_64.jar
file:/C:/Users/avinash.t/.gradle/caches/modules-2/files-2.1/org.bytedeco.javacpp-presets/leptonica/1.73-1.3/68f9e1b9f18825a110477a734c38c47f7e70c55d/leptonica-1.73-1.3-linux-x86_64.jar 
2018-07-22 15:57:35,904 INFO  -- Reflections took 1534 ms to scan 125 urls, producing 33002 keys and 34720 values  
2018-07-22 15:59:14,774 INFO  -- Loaded [CpuBackend] backend 
2018-07-22 15:59:15,064 DEBUG -- going to scan these urls:
file:/C:/Users/avinash.t/.gradle/caches/modules-2/files-2.1/commons-io/commons-io/2.4/b1b6ea3b7e4aa4f492509a4952029cd8e48019ad/commons-io-2.4.jar
file:/C:/Users/avinash.t/.gradle/caches/modules-2/files-2.1/org.apache.commons/commons-lang3/3.4/5fe28b9518e58819180a43a850fbc0dd24b7c050/commons-lang3-3.4.jar
file:/C:/Users/avinash.t/.gradle/caches/modules-2/files-2.1/com.github.jai-imageio/jai-imageio-core/1.3.0/268feccd3a0fe32058ede66db41a21d9c7a9e535/jai-imageio-core-1.3.0.jar
file:/C:/Users/avinash.t/.gradle/caches/modules-2/files-2.1/org.bytedeco/javacv/1.3.3/df8e6257480f3f58fca5f6867fe6bf6ac000d7ea/javacv-1.3.3.jar
file:/C:/Users/avinash.t/.gradle/caches/modules-2/files-2.1/org.bytedeco.javacpp-presets/openblas/0.2.19-1.3/d82330716ef90c175cfe238a4b8b0509a6fa705c/openblas-0.2.19-1.3.jar
file:/C:/Users/avinash.t/.gradle/caches/modules-2/files-2.1/org.bytedeco.javacpp-presets/openblas/0.2.19-1.3/2e6e277acdbad4d037ed26ee40ac2f5db57196c9/openblas-0.2.19-1.3-linux-ppc64le.jar
file:/C:/Users/avinash.t/.gradle/caches/modules-2/files-2.1/org.bytedeco.javacpp-presets/opencv/3.2.0-1.3/8768f158b0ce3cfb324600285afd116fc064d9b9/opencv-3.2.0-1.3-linux-ppc64le.jar
file:/C:/Users/avinash.t/.gradle/caches/modules-2/files-2.1/org.apache.commons/commons-compress/1.8.1/a698750c16740fd5b3871425f4cb3bbaa87f529d/commons-compress-1.8.1.jar
file:/C:/Users/avinash.t/.gradle/caches/modules-2/files-2.1/org.bytedeco.javacpp-presets/artoolkitplus/2.3.1-1.3/543bf47572afc2f02c30f125d77019b1306e82d1/artoolkitplus-2.3.1-1.3.jar
file:/C:/Users/avinash.t/.gradle/caches/modules-2/files-2.1/org.bytedeco.javacpp-presets/leptonica/1.73-1.3/f5aee63533a29870cc33153379e8023bc89328dc/leptonica-1.73-1.3-android-x86.jar
file:/C:/Users/avinash.t/.gradle/caches/modules-2/files-2.1/org.bytedeco.javacpp-presets/videoinput/0.200-1.3/f30b2cba25b56af3a60a679775016537fda37c41/videoinput-0.200-1.3.jar
file:/C:/Users/avinash.t/.gradle/caches/modules-2/files-2.1/org.bytedeco.javacpp-presets/hdf5/1.10.0-patch1-1.3/ce1226e7bd51d3fd9d88865d1294aac61e119d09/hdf5-1.10.0-patch1-1.3.jar
file:/C:/Users/avinash.t/.gradle/caches/modules-2/files-2.1/org.bytedeco.javacpp-presets/openblas/0.2.19-1.3/8a405939a23f53f980d9a32678efff424c593d51/openblas-0.2.19-1.3-macosx-x86_64.jar
file:/C:/Users/avinash.t/.gradle/caches/modules-2/files-2.1/org.bytedeco.javacpp-presets/libfreenect2/0.2.0-1.3/afd5363d196de86fece4e138ced9d624e0eab5b2/libfreenect2-0.2.0-1.3.jar
file:/C:/Users/avinash.t/.gradle/caches/modules-2/files-2.1/org.nd4j/nd4j-context/0.9.1/bd07864a9c490a01cc88e23b6b3b40fef43014a0/nd4j-context-0.9.1.jar
file:/C:/Users/avinash.t/.gradle/caches/modules-2/files-2.1/org.bytedeco.javacpp-presets/hdf5/1.10.0-patch1-1.3/fe76440423817b0f60d6df3a18ebd4e0f0dcdd0b/hdf5-1.10.0-patch1-1.3-macosx-x86_64.jar
file:/C:/Users/avinash.t/.gradle/caches/modules-2/files-2.1/org.nd4j/nd4j-native/0.9.1/8b64d48fd90253fbec571488e964c9150fa08ff2/nd4j-native-0.9.1-windows-x86_64.jar
file:/C:/Users/avinash.t/.gradle/caches/modules-2/files-2.1/org.bytedeco.javacpp-presets/leptonica/1.73-1.3/556c28976b41ddddbb6304f6fb86ac07d607e81e/leptonica-1.73-1.3-linux-ppc64le.jar
file:/C:/jdk/jre/lib/ext/sunmscapi.jar
file:/C:/Users/avinash.t/.gradle/caches/modules-2/files-2.1/org.nd4j/nd4j-native/0.9.1/d0d4e11141bccf1de588a6edb887c811a4b5ab79/nd4j-native-0.9.1.jar
file:/C:/jdk/jre/lib/ext/access-bridge-64.jar
file:/C:/Users/avinash.t/.gradle/caches/modules-2/files-2.1/org.nd4j/nd4j-common/0.9.1/b04b22aed42a51b2f381ba3f6dec4799564312b0/nd4j-common-0.9.1.jar
file:/C:/Users/avinash.t/.gradle/caches/modules-2/files-2.1/org.bytedeco.javacpp-presets/hdf5/1.10.0-patch1-1.3/9b3d950b4f6681e36a03d12006784b54509b5195/hdf5-1.10.0-patch1-1.3-windows-x86_64.jar
file:/C:/Users/avinash.t/.gradle/caches/modules-2/files-2.1/org.nd4j/nd4j-native-platform/0.9.1/952a27987f4fea4ba3a2547551fcc5e31c595c37/nd4j-native-platform-0.9.1.jar
file:/C:/Users/avinash.t/.gradle/caches/modules-2/files-2.1/org.nd4j/jackson/0.9.1/e457a1d6897967fb4a7551824549fed587a57f62/jackson-0.9.1.jar
file:/C:/Users/avinash.t/.gradle/caches/modules-2/files-2.1/org.bytedeco.javacpp-presets/openblas-platform/0.2.19-1.3/eab27eea89eabf1347c4263d91a7c1f9d05dc4f6/openblas-platform-0.2.19-1.3.jar
file:/C:/Users/avinash.t/.gradle/caches/modules-2/files-2.1/com.twelvemonkeys.common/common-lang/3.1.1/a9b5f8094211a8fbe5e9f469ebb266c1886d3666/common-lang-3.1.1.jar
file:/C:/Users/avinash.t/.gradle/caches/modules-2/files-2.1/org.deeplearning4j/deeplearning4j-modelimport/0.9.1/62d6ab649e34c94fafb2df8e0dd5aa2e9699e54c/deeplearning4j-modelimport-0.9.1.jar
file:/C:/Users/avinash.t/.gradle/caches/modules-2/files-2.1/org.bytedeco.javacpp-presets/hdf5/1.10.0-patch1-1.3/9b745bd9e86f86468be56562c72a249a008c6631/hdf5-1.10.0-patch1-1.3-linux-x86_64.jar
file:/C:/Users/avinash.t/.gradle/caches/modules-2/files-2.1/org.nd4j/nd4j-native/0.9.1/c25d480129677653987292797de2aabc77ea0d7e/nd4j-native-0.9.1-macosx-x86_64.jar
file:/C:/jdk/jre/lib/ext/dnsns.jar
file:/C:/Users/avinash.t/.gradle/caches/modules-2/files-2.1/org.bytedeco.javacpp-presets/leptonica/1.73-1.3/91ec2406594c843b8d83a088ebef45ef5ad5c9a8/leptonica-1.73-1.3-linux-x86.jar
file:/F:/AI/Java/dl4jSamples/EclpiseDl4J/DeeplearningQuikstart/bin/
file:/C:/Users/avinash.t/.gradle/caches/modules-2/files-2.1/org.bytedeco.javacpp-presets/openblas/0.2.19-1.3/ef70f48568644a11e29c69981147cba2b3681c55/openblas-0.2.19-1.3-android-arm.jar
file:/C:/Users/avinash.t/.gradle/caches/modules-2/files-2.1/org.datavec/datavec-api/0.9.1/72c5afdf4d75a2b654631416bad324436081f3b/datavec-api-0.9.1.jar
file:/C:/Users/avinash.t/.gradle/caches/modules-2/files-2.1/org.bytedeco.javacpp-presets/opencv/3.2.0-1.3/2a562ef4d4408c1dea5d4190b6bbd151a83c8eae/opencv-3.2.0-1.3-android-x86.jar
file:/C:/Users/avinash.t/.gradle/caches/modules-2/files-2.1/org.bytedeco.javacpp-presets/libfreenect/0.5.3-1.3/ea7981fbc3eba3cf3d8c1b8492d1952b85d20068/libfreenect-0.5.3-1.3.jar
file:/C:/Users/avinash.t/.gradle/caches/modules-2/files-2.1/org.nd4j/nd4j-base64/0.9.1/ac37d0e4604df53db1a7a4fd8b09841a779792d3/nd4j-base64-0.9.1.jar
file:/C:/Users/avinash.t/.gradle/caches/modules-2/files-2.1/org.slf4j/slf4j-api/1.7.25/da76ca59f6a57ee3102f8f9bd9cee742973efa8a/slf4j-api-1.7.25.jar
file:/C:/Users/avinash.t/.gradle/caches/modules-2/files-2.1/org.nd4j/nd4j-buffer/0.9.1/55e8026a87719eca757b1eb05e458c66ed6e35dc/nd4j-buffer-0.9.1.jar
file:/C:/Users/avinash.t/.gradle/caches/modules-2/files-2.1/org.yaml/snakeyaml/1.12/ebe66a6b88caab31d7a19571ad23656377523545/snakeyaml-1.12.jar
file:/C:/Users/avinash.t/.gradle/caches/modules-2/files-2.1/org.bytedeco.javacpp-presets/opencv/3.2.0-1.3/2e066032f00ee55a28ffdc96f37211f827d98e9b/opencv-3.2.0-1.3-macosx-x86_64.jar
file:/C:/Users/avinash.t/.gradle/caches/modules-2/files-2.1/org.apache.commons/commons-math3/3.6.1/e4ba98f1d4b3c80ec46392f25e094a6a2e58fcbf/commons-math3-3.6.1.jar
file:/C:/jdk/jre/lib/ext/sunjce_provider.jar
file:/C:/Users/avinash.t/.gradle/caches/modules-2/files-2.1/org.bytedeco.javacpp-presets/flandmark/1.07-1.3/e5cd132c846b296edc8eee43c596583adfd151de/flandmark-1.07-1.3.jar
file:/C:/Users/avinash.t/.gradle/caches/modules-2/files-2.1/commons-net/commons-net/3.1/2298164a7c2484406f2aa5ac85b205d39019896f/commons-net-3.1.jar
file:/C:/Users/avinash.t/.gradle/caches/modules-2/files-2.1/joda-time/joda-time/2.9.2/36d6e77a419cb455e6fd5909f6f96b168e21e9d0/joda-time-2.9.2.jar
file:/C:/Users/avinash.t/.gradle/caches/modules-2/files-2.1/org.bytedeco.javacpp-presets/openblas/0.2.19-1.3/5700913706162e7e306289bd06cd0508d49d6c85/openblas-0.2.19-1.3-windows-x86_64.jar
file:/C:/Users/avinash.t/.gradle/caches/modules-2/files-2.1/com.twelvemonkeys.imageio/imageio-psd/3.1.1/8073714c928c9343a9e6dc68b4f48ab9c51a41f0/imageio-psd-3.1.1.jar
file:/C:/Users/avinash.t/.gradle/caches/modules-2/files-2.1/com.twelvemonkeys.imageio/imageio-jpeg/3.1.1/464d6537504c7855c8aa3669b2726641ee3fd00c/imageio-jpeg-3.1.1.jar
file:/C:/Users/avinash.t/.gradle/caches/modules-2/files-2.1/com.twelvemonkeys.imageio/imageio-core/3.1.1/dbdf29da53ac89753d9abfc0f38802f6483821e/imageio-core-3.1.1.jar
file:/C:/Users/avinash.t/.gradle/caches/modules-2/files-2.1/org.nd4j/nd4j-native-api/0.9.1/7fcba24a804d955bcc6958609b41fb562b7a491c/nd4j-native-api-0.9.1.jar
file:/C:/Users/avinash.t/.gradle/caches/modules-2/files-2.1/org.bytedeco.javacpp-presets/hdf5-platform/1.10.0-patch1-1.3/e621453341f1a920b86fa611ac29c135fed221c8/hdf5-platform-1.10.0-patch1-1.3.jar
file:/C:/Users/avinash.t/.gradle/caches/modules-2/files-2.1/org.bytedeco.javacpp-presets/opencv/3.2.0-1.3/38bb9bef4fea8c7489aab7a7d838f0aac7a616cd/opencv-3.2.0-1.3-windows-x86.jar
file:/C:/Users/avinash.t/.gradle/caches/modules-2/files-2.1/org.bytedeco.javacpp-presets/leptonica/1.73-1.3/b7b413f6450b7dd922af6dfdf5e54fb53b2c6ab6/leptonica-1.73-1.3-android-arm.jar
file:/C:/jdk/jre/lib/ext/jaccess.jar
file:/C:/jdk/jre/lib/ext/sunec.jar
file:/C:/Users/avinash.t/.gradle/caches/modules-2/files-2.1/org.bytedeco/javacpp/1.3.3/bdea626b334e6a31cfa7b2a9ab3881e6da7015ce/javacpp-1.3.3.jar
file:/C:/Users/avinash.t/.gradle/caches/modules-2/files-2.1/org.bytedeco.javacpp-presets/opencv-platform/3.2.0-1.3/28c5ebd90f18c239cbbd09dbfcce2fadab6aa76/opencv-platform-3.2.0-1.3.jar
file:/C:/Users/avinash.t/.gradle/caches/modules-2/files-2.1/junit/junit/4.8.2/c94f54227b08100974c36170dcb53329435fe5ad/junit-4.8.2.jar
file:/C:/Users/avinash.t/.gradle/caches/modules-2/files-2.1/org.bytedeco.javacpp-presets/libdc1394/2.2.4-1.3/e702de628164ba633e77f3b4a4a16a0c402ce364/libdc1394-2.2.4-1.3.jar
file:/C:/Users/avinash.t/.gradle/caches/modules-2/files-2.1/com.twelvemonkeys.imageio/imageio-tiff/3.1.1/df54331a36fba97907e9413297c51defbe24a224/imageio-tiff-3.1.1.jar
file:/C:/Users/avinash.t/.gradle/caches/modules-2/files-2.1/org.slf4j/slf4j-api/1.7.12/8e20852d05222dc286bf1c71d78d0531e177c317/slf4j-api-1.7.12.jar
file:/C:/Users/avinash.t/.gradle/caches/modules-2/files-2.1/org.bytedeco.javacpp-presets/librealsense/1.9.6-1.3/a38afba003c895652db9f29f7e014e451a73a0b4/librealsense-1.9.6-1.3.jar
file:/C:/Users/avinash.t/.gradle/caches/modules-2/files-2.1/org.bytedeco.javacpp-presets/flycapture/2.9.3.43-1.3/bb48ed01be621b6b38b91d45a96e68e7ad7bf25e/flycapture-2.9.3.43-1.3.jar
file:/C:/jdk/jre/lib/ext/sunpkcs11.jar
file:/C:/jdk/jre/lib/ext/nashorn.jar
file:/C:/Users/avinash.t/.gradle/caches/modules-2/files-2.1/org.bytedeco.javacpp-presets/opencv/3.2.0-1.3/7fdd60baeb95fc02f5714de4e5882035d892bd06/opencv-3.2.0-1.3-linux-armhf.jar
file:/C:/Users/avinash.t/.gradle/caches/modules-2/files-2.1/org.bytedeco.javacpp-presets/leptonica/1.73-1.3/a56eae1a46553c879269087e1787aec5a4675e1f/leptonica-1.73-1.3-macosx-x86_64.jar
file:/C:/Users/avinash.t/.gradle/caches/modules-2/files-2.1/org.bytedeco.javacpp-presets/leptonica/1.73-1.3/d435e780eda858c19ed56cb632174ab599b19825/leptonica-1.73-1.3-linux-armhf.jar
file:/C:/Users/avinash.t/.gradle/caches/modules-2/files-2.1/log4j/log4j/1.2.17/5af35056b4d257e4b64b9e8069c0746e8b08629f/log4j-1.2.17.jar
file:/C:/Users/avinash.t/.gradle/caches/modules-2/files-2.1/org.deeplearning4j/deeplearning4j-ui-components/0.9.1/c02b15e57a0a6132f9c5759ccb03bd728c5aec4d/deeplearning4j-ui-components-0.9.1.jar
file:/C:/Users/avinash.t/.gradle/caches/modules-2/files-2.1/org.bytedeco.javacpp-presets/leptonica/1.73-1.3/f298bbd00ae8d620507c0d4ecab5e49a7eb85e03/leptonica-1.73-1.3-windows-x86_64.jar
file:/C:/Users/avinash.t/.gradle/caches/modules-2/files-2.1/org.hamcrest/hamcrest-core/1.3/42a25dc3219429f0e5d060061f71acb49bf010a0/hamcrest-core-1.3.jar
file:/C:/Users/avinash.t/.gradle/caches/modules-2/files-2.1/org.bytedeco.javacpp-presets/hdf5/1.10.0-patch1-1.3/76b579910f51cd628bed8f6cbb245670483b9eeb/hdf5-1.10.0-patch1-1.3-windows-x86.jar
file:/C:/Users/avinash.t/.gradle/caches/modules-2/files-2.1/org.bytedeco.javacpp-presets/leptonica/1.73-1.3/40c4ab433811c566104993f3a93fd70f809f33be/leptonica-1.73-1.3.jar
file:/C:/Users/avinash.t/.gradle/caches/modules-2/files-2.1/org.bytedeco.javacpp-presets/ffmpeg/3.2.1-1.3/2b506fefac100e50800bb1b5908d7588ab21fb45/ffmpeg-3.2.1-1.3.jar
file:/C:/Users/avinash.t/.gradle/caches/modules-2/files-2.1/commons-codec/commons-codec/1.10/4b95f4897fa13f2cd904aee711aeafc0c5295cd8/commons-codec-1.10.jar
file:/C:/Users/avinash.t/.gradle/caches/modules-2/files-2.1/org.projectlombok/lombok/1.16.16/245b50f714bf89ed7659266ace12f9e509d13551/lombok-1.16.16.jar
file:/C:/jdk/jre/lib/ext/localedata.jar
file:/C:/Users/avinash.t/.gradle/caches/modules-2/files-2.1/org.bytedeco.javacpp-presets/hdf5/1.10.0-patch1-1.3/b17738459b3365df8d3431d43f47f20e8e416732/hdf5-1.10.0-patch1-1.3-linux-ppc64le.jar
file:/C:/Users/avinash.t/.gradle/caches/modules-2/files-2.1/org.nd4j/nd4j-jackson/0.9.1/f075d7ce5cafc705b2743891da920ec66dc50b6c/nd4j-jackson-0.9.1.jar
file:/C:/Users/avinash.t/.gradle/caches/modules-2/files-2.1/com.twelvemonkeys.imageio/imageio-metadata/3.1.1/52b6b85601492e94fa8a08211c08179b1c888d91/imageio-metadata-3.1.1.jar
file:/C:/Users/avinash.t/.gradle/caches/modules-2/files-2.1/org.bytedeco.javacpp-presets/opencv/3.2.0-1.3/8078a64309b575ef2cfb6b369eef61f30580bd65/opencv-3.2.0-1.3-windows-x86_64.jar
file:/C:/Users/avinash.t/.gradle/caches/modules-2/files-2.1/org.codehaus.woodstox/stax2-api/3.1.4/ac19014b1e6a7c08aad07fe114af792676b685b7/stax2-api-3.1.4.jar
file:/C:/Users/avinash.t/.gradle/caches/modules-2/files-2.1/com.twelvemonkeys.common/common-image/3.1.1/c86b3bc138b0caee17ce4193275636543cf28bfe/common-image-3.1.1.jar
file:/C:/Users/avinash.t/.gradle/caches/modules-2/files-2.1/org.deeplearning4j/nearestneighbor-core/0.9.1/8abc22340743b31253a0120f632492bad49ca711/nearestneighbor-core-0.9.1.jar
file:/C:/Users/avinash.t/.gradle/caches/modules-2/files-2.1/org.nd4j/nd4j-native/0.9.1/98cf23e416181df854dde539316dae2505a8911a/nd4j-native-0.9.1-android-arm.jar
file:/C:/Users/avinash.t/.gradle/caches/modules-2/files-2.1/org.bytedeco.javacpp-presets/openblas/0.2.19-1.3/dad2dde60800dfb1108f957f514a5f8de942f5d3/openblas-0.2.19-1.3-linux-armhf.jar
file:/C:/Users/avinash.t/.gradle/caches/modules-2/files-2.1/org.bytedeco.javacpp-presets/opencv/3.2.0-1.3/7db41aeb44fbf201187aa4a1f899d367f1b01ded/opencv-3.2.0-1.3-linux-x86.jar
file:/C:/Users/avinash.t/.gradle/caches/modules-2/files-2.1/org.nd4j/nd4j-native/0.9.1/73604d40f4d414716375d579e7568f392d656c4f/nd4j-native-0.9.1-android-x86.jar
file:/C:/Users/avinash.t/.gradle/caches/modules-2/files-2.1/org.datavec/datavec-data-image/0.9.1/d9e48c7c9248540069210630a13925ae4504ee8c/datavec-data-image-0.9.1.jar
file:/C:/Users/avinash.t/.gradle/caches/modules-2/files-2.1/net.ericaro/neoitertools/1.0.0/25fa0a0aaf12bc386ecdb19a6ee747b361c73a20/neoitertools-1.0.0.jar
file:/C:/Users/avinash.t/.gradle/caches/modules-2/files-2.1/com.twelvemonkeys.common/common-io/3.1.1/b6aec796ca2d20b145b6fa88bbe068724a258450/common-io-3.1.1.jar
file:/C:/Users/avinash.t/.gradle/caches/modules-2/files-2.1/org.bytedeco.javacpp-presets/leptonica-platform/1.73-1.3/99ab56ba1f9248e39e8c502df2b4849b4e33b425/leptonica-platform-1.73-1.3.jar
file:/C:/Users/avinash.t/.gradle/caches/modules-2/files-2.1/com.twelvemonkeys.imageio/imageio-bmp/3.1.1/3b6f82168a6f76899e33a8a9f4058d0e127df30e/imageio-bmp-3.1.1.jar
file:/C:/Users/avinash.t/.gradle/caches/modules-2/files-2.1/org.bytedeco.javacpp-presets/hdf5/1.10.0-patch1-1.3/8e3c1edd8e91fd4fe6ad802e80102084a873f575/hdf5-1.10.0-patch1-1.3-linux-x86.jar
file:/C:/Users/avinash.t/.gradle/caches/modules-2/files-2.1/org.bytedeco.javacpp-presets/openblas/0.2.19-1.3/f10fed548970f6bc1f8f0692da30f6328da21b59/openblas-0.2.19-1.3-windows-x86.jar
file:/C:/Users/avinash.t/.gradle/caches/modules-2/files-2.1/junit/junit/4.12/2973d150c0dc1fefe998f834810d68f278ea58ec/junit-4.12.jar
file:/C:/Users/avinash.t/.gradle/caches/modules-2/files-2.1/it.unimi.dsi/fastutil/6.5.7/dec71174d0c8a20f355e5af8b59f25eb424c49d3/fastutil-6.5.7.jar
file:/C:/Users/avinash.t/.gradle/caches/modules-2/files-2.1/org.bytedeco.javacpp-presets/openblas/0.2.19-1.3/9d1b1cceb7e113eb31b198bffcb336647191dda4/openblas-0.2.19-1.3-linux-x86_64.jar
file:/C:/Users/avinash.t/.gradle/caches/modules-2/files-2.1/org.slf4j/slf4j-log4j12/1.7.25/110cefe2df103412849d72ef7a67e4e91e4266b4/slf4j-log4j12-1.7.25.jar
file:/C:/Users/avinash.t/.gradle/caches/modules-2/files-2.1/net.sf.opencsv/opencsv/2.3/c23708cdb9e80a144db433e23344a788a1fd6599/opencsv-2.3.jar
file:/C:/Users/avinash.t/.gradle/caches/modules-2/files-2.1/com.google.code.findbugs/annotations/2.0.1/9ef6656259841cebfb9fb0697bb122ada4485498/annotations-2.0.1.jar
file:/C:/Users/avinash.t/.gradle/caches/modules-2/files-2.1/org.bytedeco.javacpp-presets/openblas/0.2.19-1.3/2189141b6c83cc8e5b342b04e8f49e22996f72f4/openblas-0.2.19-1.3-android-x86.jar
file:/C:/jdk/jre/lib/ext/zipfs.jar
file:/C:/Users/avinash.t/.gradle/caches/modules-2/files-2.1/org.nd4j/nd4j-api/0.9.1/781bbeed71ef40b902c4b8076c7a2fc937f85160/nd4j-api-0.9.1.jar
file:/C:/Users/avinash.t/.gradle/caches/modules-2/files-2.1/org.bytedeco.javacpp-presets/openblas/0.2.19-1.3/f4690d42b6fb6c2e51ef7c4412128bccaf58a30b/openblas-0.2.19-1.3-linux-x86.jar
file:/C:/Users/avinash.t/.gradle/caches/modules-2/files-2.1/org.deeplearning4j/deeplearning4j-nn/0.9.1/e4f9dd017e953f68209667613a9cb1710edae34/deeplearning4j-nn-0.9.1.jar
file:/C:/Users/avinash.t/.gradle/caches/modules-2/files-2.1/com.github.stephenc.findbugs/findbugs-annotations/1.3.9-1/a6b11447635d80757d64b355bed3c00786d86801/findbugs-annotations-1.3.9-1.jar
file:/C:/Users/avinash.t/.gradle/caches/modules-2/files-2.1/org.bytedeco.javacpp-presets/opencv/3.2.0-1.3/4c712afdddfbd1b9da59255f9f45a7f24252524e/opencv-3.2.0-1.3-linux-x86_64.jar
file:/C:/Users/avinash.t/.gradle/caches/modules-2/files-2.1/org.reflections/reflections/0.9.10/c7f4ea230aedc757ca1499ebcfb2953c81cf8b67/reflections-0.9.10.jar
file:/C:/Users/avinash.t/.gradle/caches/modules-2/files-2.1/org.bytedeco.javacpp-presets/opencv/3.2.0-1.3/8affe9427828689dd9b5cc8d59d8492cf28bd06f/opencv-3.2.0-1.3-android-arm.jar
file:/C:/Users/avinash.t/.gradle/caches/modules-2/files-2.1/org.javassist/javassist/3.18.2-GA/1180a90fbad732b60fb728a6bbe8fcb3151423d7/javassist-3.18.2-GA.jar
file:/C:/Users/avinash.t/.gradle/caches/modules-2/files-2.1/org.deeplearning4j/deeplearning4j-core/0.9.1/a91d6a7ee5ec724e975bfa10df59f91ded5eb872/deeplearning4j-core-0.9.1.jar
file:/C:/Users/avinash.t/.gradle/caches/modules-2/files-2.1/com.clearspring.analytics/stream/2.7.0/9998f8cf87d329fef226405f8d519638cfe1431d/stream-2.7.0.jar
file:/C:/Users/avinash.t/.gradle/caches/modules-2/files-2.1/com.google.guava/guava/21.0/3a3d111be1be1b745edfa7d91678a12d7ed38709/guava-21.0.jar
file:/C:/jdk/jre/lib/ext/cldrdata.jar
file:/C:/jdk/jre/lib/ext/jfxrt.jar
file:/C:/Users/avinash.t/.gradle/caches/modules-2/files-2.1/org.bytedeco.javacpp-presets/leptonica/1.73-1.3/88bc73b49b31463ec525c13ec83c3f229b934c3c/leptonica-1.73-1.3-windows-x86.jar
file:/C:/Users/avinash.t/.gradle/caches/modules-2/files-2.1/org.nd4j/nd4j-native/0.9.1/5878a9a35728170ca6466ffbbe0636a429f26245/nd4j-native-0.9.1-linux-ppc64le.jar
file:/C:/Users/avinash.t/.gradle/caches/modules-2/files-2.1/org.bytedeco.javacpp-presets/opencv/3.2.0-1.3/d442ea90d190e680d8c6f18469aaeaed26c00c77/opencv-3.2.0-1.3.jar
file:/C:/Users/avinash.t/.gradle/caches/modules-2/files-2.1/org.freemarker/freemarker/2.3.23/cd143cd8c02a9f838e3cb75a6dfe133750437f6d/freemarker-2.3.23.jar
file:/C:/Users/avinash.t/.gradle/caches/modules-2/files-2.1/org.nd4j/nd4j-native/0.9.1/dad24bde8da226270eb95dd922c8159ba336ae84/nd4j-native-0.9.1-linux-x86_64.jar
file:/C:/Users/avinash.t/.gradle/caches/modules-2/files-2.1/org.bytedeco.javacpp-presets/leptonica/1.73-1.3/68f9e1b9f18825a110477a734c38c47f7e70c55d/leptonica-1.73-1.3-linux-x86_64.jar 
2018-07-22 15:59:16,484 INFO  -- Reflections took 1385 ms to scan 125 urls, producing 32997 keys and 34713 values  
2018-07-22 15:59:20,356 INFO  -- Number of threads used for NativeOps: 4 
2018-07-22 15:59:20,382 DEBUG -- going to scan these urls:
jar:file:/C:/Users/avinash.t/.gradle/caches/modules-2/files-2.1/org.nd4j/nd4j-buffer/0.9.1/55e8026a87719eca757b1eb05e458c66ed6e35dc/nd4j-buffer-0.9.1.jar!/
jar:file:/C:/Users/avinash.t/.gradle/caches/modules-2/files-2.1/org.nd4j/nd4j-native/0.9.1/c25d480129677653987292797de2aabc77ea0d7e/nd4j-native-0.9.1-macosx-x86_64.jar!/
jar:file:/C:/Users/avinash.t/.gradle/caches/modules-2/files-2.1/org.nd4j/nd4j-common/0.9.1/b04b22aed42a51b2f381ba3f6dec4799564312b0/nd4j-common-0.9.1.jar!/
jar:file:/C:/Users/avinash.t/.gradle/caches/modules-2/files-2.1/org.nd4j/nd4j-native/0.9.1/d0d4e11141bccf1de588a6edb887c811a4b5ab79/nd4j-native-0.9.1.jar!/
jar:file:/C:/Users/avinash.t/.gradle/caches/modules-2/files-2.1/org.nd4j/nd4j-native-api/0.9.1/7fcba24a804d955bcc6958609b41fb562b7a491c/nd4j-native-api-0.9.1.jar!/
jar:file:/C:/Users/avinash.t/.gradle/caches/modules-2/files-2.1/org.nd4j/nd4j-api/0.9.1/781bbeed71ef40b902c4b8076c7a2fc937f85160/nd4j-api-0.9.1.jar!/
jar:file:/C:/Users/avinash.t/.gradle/caches/modules-2/files-2.1/org.nd4j/nd4j-native/0.9.1/5878a9a35728170ca6466ffbbe0636a429f26245/nd4j-native-0.9.1-linux-ppc64le.jar!/
jar:file:/C:/Users/avinash.t/.gradle/caches/modules-2/files-2.1/org.nd4j/nd4j-jackson/0.9.1/f075d7ce5cafc705b2743891da920ec66dc50b6c/nd4j-jackson-0.9.1.jar!/
jar:file:/C:/Users/avinash.t/.gradle/caches/modules-2/files-2.1/org.nd4j/jackson/0.9.1/e457a1d6897967fb4a7551824549fed587a57f62/jackson-0.9.1.jar!/
jar:file:/C:/Users/avinash.t/.gradle/caches/modules-2/files-2.1/org.nd4j/nd4j-base64/0.9.1/ac37d0e4604df53db1a7a4fd8b09841a779792d3/nd4j-base64-0.9.1.jar!/
jar:file:/C:/Users/avinash.t/.gradle/caches/modules-2/files-2.1/org.nd4j/nd4j-context/0.9.1/bd07864a9c490a01cc88e23b6b3b40fef43014a0/nd4j-context-0.9.1.jar!/
jar:file:/C:/Users/avinash.t/.gradle/caches/modules-2/files-2.1/org.nd4j/nd4j-native/0.9.1/dad24bde8da226270eb95dd922c8159ba336ae84/nd4j-native-0.9.1-linux-x86_64.jar!/
jar:file:/C:/Users/avinash.t/.gradle/caches/modules-2/files-2.1/org.nd4j/nd4j-native/0.9.1/8b64d48fd90253fbec571488e964c9150fa08ff2/nd4j-native-0.9.1-windows-x86_64.jar!/ 
2018-07-22 15:59:21,217 INFO  -- Reflections took 832 ms to scan 13 urls, producing 31 keys and 227 values  
2018-07-22 15:59:32,213 INFO  -- Number of threads used for BLAS: 4 
2018-07-22 15:59:32,230 INFO  -- Backend used: [CPU]; OS: [Windows 8.1] 
2018-07-22 15:59:32,230 INFO  -- Cores: [4]; Memory: [1.8GB]; 
2018-07-22 15:59:32,230 INFO  -- Blas vendor: [OPENBLAS] 
2018-07-22 15:59:32,351 DEBUG -- going to scan these urls:
jar:file:/C:/Users/avinash.t/.gradle/caches/modules-2/files-2.1/org.nd4j/nd4j-buffer/0.9.1/55e8026a87719eca757b1eb05e458c66ed6e35dc/nd4j-buffer-0.9.1.jar!/
jar:file:/C:/Users/avinash.t/.gradle/caches/modules-2/files-2.1/org.nd4j/nd4j-native/0.9.1/c25d480129677653987292797de2aabc77ea0d7e/nd4j-native-0.9.1-macosx-x86_64.jar!/
jar:file:/C:/Users/avinash.t/.gradle/caches/modules-2/files-2.1/org.nd4j/nd4j-common/0.9.1/b04b22aed42a51b2f381ba3f6dec4799564312b0/nd4j-common-0.9.1.jar!/
jar:file:/C:/Users/avinash.t/.gradle/caches/modules-2/files-2.1/org.nd4j/nd4j-native/0.9.1/d0d4e11141bccf1de588a6edb887c811a4b5ab79/nd4j-native-0.9.1.jar!/
jar:file:/C:/Users/avinash.t/.gradle/caches/modules-2/files-2.1/org.nd4j/nd4j-native-api/0.9.1/7fcba24a804d955bcc6958609b41fb562b7a491c/nd4j-native-api-0.9.1.jar!/
jar:file:/C:/Users/avinash.t/.gradle/caches/modules-2/files-2.1/org.nd4j/nd4j-api/0.9.1/781bbeed71ef40b902c4b8076c7a2fc937f85160/nd4j-api-0.9.1.jar!/
jar:file:/C:/Users/avinash.t/.gradle/caches/modules-2/files-2.1/org.nd4j/nd4j-native/0.9.1/5878a9a35728170ca6466ffbbe0636a429f26245/nd4j-native-0.9.1-linux-ppc64le.jar!/
jar:file:/C:/Users/avinash.t/.gradle/caches/modules-2/files-2.1/org.nd4j/nd4j-jackson/0.9.1/f075d7ce5cafc705b2743891da920ec66dc50b6c/nd4j-jackson-0.9.1.jar!/
jar:file:/C:/Users/avinash.t/.gradle/caches/modules-2/files-2.1/org.nd4j/jackson/0.9.1/e457a1d6897967fb4a7551824549fed587a57f62/jackson-0.9.1.jar!/
jar:file:/C:/Users/avinash.t/.gradle/caches/modules-2/files-2.1/org.nd4j/nd4j-base64/0.9.1/ac37d0e4604df53db1a7a4fd8b09841a779792d3/nd4j-base64-0.9.1.jar!/
jar:file:/C:/Users/avinash.t/.gradle/caches/modules-2/files-2.1/org.nd4j/nd4j-context/0.9.1/bd07864a9c490a01cc88e23b6b3b40fef43014a0/nd4j-context-0.9.1.jar!/
jar:file:/C:/Users/avinash.t/.gradle/caches/modules-2/files-2.1/org.nd4j/nd4j-native/0.9.1/dad24bde8da226270eb95dd922c8159ba336ae84/nd4j-native-0.9.1-linux-x86_64.jar!/
jar:file:/C:/Users/avinash.t/.gradle/caches/modules-2/files-2.1/org.nd4j/nd4j-native/0.9.1/8b64d48fd90253fbec571488e964c9150fa08ff2/nd4j-native-0.9.1-windows-x86_64.jar!/ 
2018-07-22 15:59:33,448 INFO  -- Reflections took 1095 ms to scan 13 urls, producing 387 keys and 1538 values  
2018-07-22 15:59:39,816 INFO  -- Build model.... 
2018-07-22 15:59:40,899 DEBUG -- going to scan these urls:
file:/C:/Users/avinash.t/.gradle/caches/modules-2/files-2.1/commons-io/commons-io/2.4/b1b6ea3b7e4aa4f492509a4952029cd8e48019ad/commons-io-2.4.jar
file:/C:/Users/avinash.t/.gradle/caches/modules-2/files-2.1/org.apache.commons/commons-lang3/3.4/5fe28b9518e58819180a43a850fbc0dd24b7c050/commons-lang3-3.4.jar
file:/C:/Users/avinash.t/.gradle/caches/modules-2/files-2.1/com.github.jai-imageio/jai-imageio-core/1.3.0/268feccd3a0fe32058ede66db41a21d9c7a9e535/jai-imageio-core-1.3.0.jar
file:/C:/Users/avinash.t/.gradle/caches/modules-2/files-2.1/org.bytedeco/javacv/1.3.3/df8e6257480f3f58fca5f6867fe6bf6ac000d7ea/javacv-1.3.3.jar
file:/C:/Users/avinash.t/.gradle/caches/modules-2/files-2.1/org.bytedeco.javacpp-presets/openblas/0.2.19-1.3/d82330716ef90c175cfe238a4b8b0509a6fa705c/openblas-0.2.19-1.3.jar
file:/C:/Users/avinash.t/.gradle/caches/modules-2/files-2.1/org.bytedeco.javacpp-presets/openblas/0.2.19-1.3/2e6e277acdbad4d037ed26ee40ac2f5db57196c9/openblas-0.2.19-1.3-linux-ppc64le.jar
file:/C:/Users/avinash.t/.gradle/caches/modules-2/files-2.1/org.bytedeco.javacpp-presets/opencv/3.2.0-1.3/8768f158b0ce3cfb324600285afd116fc064d9b9/opencv-3.2.0-1.3-linux-ppc64le.jar
file:/C:/Users/avinash.t/.gradle/caches/modules-2/files-2.1/org.apache.commons/commons-compress/1.8.1/a698750c16740fd5b3871425f4cb3bbaa87f529d/commons-compress-1.8.1.jar
file:/C:/Users/avinash.t/.gradle/caches/modules-2/files-2.1/org.bytedeco.javacpp-presets/artoolkitplus/2.3.1-1.3/543bf47572afc2f02c30f125d77019b1306e82d1/artoolkitplus-2.3.1-1.3.jar
file:/C:/Users/avinash.t/.gradle/caches/modules-2/files-2.1/org.bytedeco.javacpp-presets/leptonica/1.73-1.3/f5aee63533a29870cc33153379e8023bc89328dc/leptonica-1.73-1.3-android-x86.jar
file:/C:/Users/avinash.t/.gradle/caches/modules-2/files-2.1/org.bytedeco.javacpp-presets/videoinput/0.200-1.3/f30b2cba25b56af3a60a679775016537fda37c41/videoinput-0.200-1.3.jar
file:/C:/Users/avinash.t/.gradle/caches/modules-2/files-2.1/org.bytedeco.javacpp-presets/hdf5/1.10.0-patch1-1.3/ce1226e7bd51d3fd9d88865d1294aac61e119d09/hdf5-1.10.0-patch1-1.3.jar
file:/C:/Users/avinash.t/.gradle/caches/modules-2/files-2.1/org.bytedeco.javacpp-presets/openblas/0.2.19-1.3/8a405939a23f53f980d9a32678efff424c593d51/openblas-0.2.19-1.3-macosx-x86_64.jar
file:/C:/Users/avinash.t/.gradle/caches/modules-2/files-2.1/org.bytedeco.javacpp-presets/libfreenect2/0.2.0-1.3/afd5363d196de86fece4e138ced9d624e0eab5b2/libfreenect2-0.2.0-1.3.jar
file:/C:/Users/avinash.t/.gradle/caches/modules-2/files-2.1/org.nd4j/nd4j-context/0.9.1/bd07864a9c490a01cc88e23b6b3b40fef43014a0/nd4j-context-0.9.1.jar
file:/C:/Users/avinash.t/.gradle/caches/modules-2/files-2.1/org.bytedeco.javacpp-presets/hdf5/1.10.0-patch1-1.3/fe76440423817b0f60d6df3a18ebd4e0f0dcdd0b/hdf5-1.10.0-patch1-1.3-macosx-x86_64.jar
file:/C:/Users/avinash.t/.gradle/caches/modules-2/files-2.1/org.nd4j/nd4j-native/0.9.1/8b64d48fd90253fbec571488e964c9150fa08ff2/nd4j-native-0.9.1-windows-x86_64.jar
file:/C:/Users/avinash.t/.gradle/caches/modules-2/files-2.1/org.bytedeco.javacpp-presets/leptonica/1.73-1.3/556c28976b41ddddbb6304f6fb86ac07d607e81e/leptonica-1.73-1.3-linux-ppc64le.jar
file:/C:/Users/avinash.t/.gradle/caches/modules-2/files-2.1/org.nd4j/nd4j-native/0.9.1/d0d4e11141bccf1de588a6edb887c811a4b5ab79/nd4j-native-0.9.1.jar
file:/C:/Users/avinash.t/.gradle/caches/modules-2/files-2.1/org.nd4j/nd4j-common/0.9.1/b04b22aed42a51b2f381ba3f6dec4799564312b0/nd4j-common-0.9.1.jar
file:/C:/Users/avinash.t/.gradle/caches/modules-2/files-2.1/org.bytedeco.javacpp-presets/hdf5/1.10.0-patch1-1.3/9b3d950b4f6681e36a03d12006784b54509b5195/hdf5-1.10.0-patch1-1.3-windows-x86_64.jar
file:/C:/Users/avinash.t/.gradle/caches/modules-2/files-2.1/org.nd4j/nd4j-native-platform/0.9.1/952a27987f4fea4ba3a2547551fcc5e31c595c37/nd4j-native-platform-0.9.1.jar
file:/C:/Users/avinash.t/.gradle/caches/modules-2/files-2.1/org.nd4j/jackson/0.9.1/e457a1d6897967fb4a7551824549fed587a57f62/jackson-0.9.1.jar
file:/C:/Users/avinash.t/.gradle/caches/modules-2/files-2.1/org.bytedeco.javacpp-presets/openblas-platform/0.2.19-1.3/eab27eea89eabf1347c4263d91a7c1f9d05dc4f6/openblas-platform-0.2.19-1.3.jar
file:/C:/Users/avinash.t/.gradle/caches/modules-2/files-2.1/com.twelvemonkeys.common/common-lang/3.1.1/a9b5f8094211a8fbe5e9f469ebb266c1886d3666/common-lang-3.1.1.jar
file:/C:/Users/avinash.t/.gradle/caches/modules-2/files-2.1/org.deeplearning4j/deeplearning4j-modelimport/0.9.1/62d6ab649e34c94fafb2df8e0dd5aa2e9699e54c/deeplearning4j-modelimport-0.9.1.jar
file:/C:/Users/avinash.t/.gradle/caches/modules-2/files-2.1/org.bytedeco.javacpp-presets/hdf5/1.10.0-patch1-1.3/9b745bd9e86f86468be56562c72a249a008c6631/hdf5-1.10.0-patch1-1.3-linux-x86_64.jar
file:/C:/Users/avinash.t/.gradle/caches/modules-2/files-2.1/org.nd4j/nd4j-native/0.9.1/c25d480129677653987292797de2aabc77ea0d7e/nd4j-native-0.9.1-macosx-x86_64.jar
file:/C:/Users/avinash.t/.gradle/caches/modules-2/files-2.1/org.bytedeco.javacpp-presets/leptonica/1.73-1.3/91ec2406594c843b8d83a088ebef45ef5ad5c9a8/leptonica-1.73-1.3-linux-x86.jar
file:/F:/AI/Java/dl4jSamples/EclpiseDl4J/DeeplearningQuikstart/bin/
file:/C:/Users/avinash.t/.gradle/caches/modules-2/files-2.1/org.bytedeco.javacpp-presets/openblas/0.2.19-1.3/ef70f48568644a11e29c69981147cba2b3681c55/openblas-0.2.19-1.3-android-arm.jar
file:/C:/Users/avinash.t/.gradle/caches/modules-2/files-2.1/org.datavec/datavec-api/0.9.1/72c5afdf4d75a2b654631416bad324436081f3b/datavec-api-0.9.1.jar
file:/C:/Users/avinash.t/.gradle/caches/modules-2/files-2.1/org.bytedeco.javacpp-presets/opencv/3.2.0-1.3/2a562ef4d4408c1dea5d4190b6bbd151a83c8eae/opencv-3.2.0-1.3-android-x86.jar
file:/C:/Users/avinash.t/.gradle/caches/modules-2/files-2.1/org.bytedeco.javacpp-presets/libfreenect/0.5.3-1.3/ea7981fbc3eba3cf3d8c1b8492d1952b85d20068/libfreenect-0.5.3-1.3.jar
file:/C:/Users/avinash.t/.gradle/caches/modules-2/files-2.1/org.nd4j/nd4j-base64/0.9.1/ac37d0e4604df53db1a7a4fd8b09841a779792d3/nd4j-base64-0.9.1.jar
file:/C:/Users/avinash.t/.gradle/caches/modules-2/files-2.1/org.slf4j/slf4j-api/1.7.25/da76ca59f6a57ee3102f8f9bd9cee742973efa8a/slf4j-api-1.7.25.jar
file:/C:/Users/avinash.t/.gradle/caches/modules-2/files-2.1/org.nd4j/nd4j-buffer/0.9.1/55e8026a87719eca757b1eb05e458c66ed6e35dc/nd4j-buffer-0.9.1.jar
file:/C:/Users/avinash.t/.gradle/caches/modules-2/files-2.1/org.yaml/snakeyaml/1.12/ebe66a6b88caab31d7a19571ad23656377523545/snakeyaml-1.12.jar
file:/C:/Users/avinash.t/.gradle/caches/modules-2/files-2.1/org.bytedeco.javacpp-presets/opencv/3.2.0-1.3/2e066032f00ee55a28ffdc96f37211f827d98e9b/opencv-3.2.0-1.3-macosx-x86_64.jar
file:/C:/Users/avinash.t/.gradle/caches/modules-2/files-2.1/org.apache.commons/commons-math3/3.6.1/e4ba98f1d4b3c80ec46392f25e094a6a2e58fcbf/commons-math3-3.6.1.jar
file:/C:/Users/avinash.t/.gradle/caches/modules-2/files-2.1/org.bytedeco.javacpp-presets/flandmark/1.07-1.3/e5cd132c846b296edc8eee43c596583adfd151de/flandmark-1.07-1.3.jar
file:/C:/Users/avinash.t/.gradle/caches/modules-2/files-2.1/commons-net/commons-net/3.1/2298164a7c2484406f2aa5ac85b205d39019896f/commons-net-3.1.jar
file:/C:/Users/avinash.t/.gradle/caches/modules-2/files-2.1/joda-time/joda-time/2.9.2/36d6e77a419cb455e6fd5909f6f96b168e21e9d0/joda-time-2.9.2.jar
file:/C:/Users/avinash.t/.gradle/caches/modules-2/files-2.1/org.bytedeco.javacpp-presets/openblas/0.2.19-1.3/5700913706162e7e306289bd06cd0508d49d6c85/openblas-0.2.19-1.3-windows-x86_64.jar
file:/C:/Users/avinash.t/.gradle/caches/modules-2/files-2.1/com.twelvemonkeys.imageio/imageio-psd/3.1.1/8073714c928c9343a9e6dc68b4f48ab9c51a41f0/imageio-psd-3.1.1.jar
file:/C:/Users/avinash.t/.gradle/caches/modules-2/files-2.1/com.twelvemonkeys.imageio/imageio-jpeg/3.1.1/464d6537504c7855c8aa3669b2726641ee3fd00c/imageio-jpeg-3.1.1.jar
file:/C:/Users/avinash.t/.gradle/caches/modules-2/files-2.1/com.twelvemonkeys.imageio/imageio-core/3.1.1/dbdf29da53ac89753d9abfc0f38802f6483821e/imageio-core-3.1.1.jar
file:/C:/Users/avinash.t/.gradle/caches/modules-2/files-2.1/org.nd4j/nd4j-native-api/0.9.1/7fcba24a804d955bcc6958609b41fb562b7a491c/nd4j-native-api-0.9.1.jar
file:/C:/Users/avinash.t/.gradle/caches/modules-2/files-2.1/org.bytedeco.javacpp-presets/hdf5-platform/1.10.0-patch1-1.3/e621453341f1a920b86fa611ac29c135fed221c8/hdf5-platform-1.10.0-patch1-1.3.jar
file:/C:/Users/avinash.t/.gradle/caches/modules-2/files-2.1/org.bytedeco.javacpp-presets/opencv/3.2.0-1.3/38bb9bef4fea8c7489aab7a7d838f0aac7a616cd/opencv-3.2.0-1.3-windows-x86.jar
file:/C:/Users/avinash.t/.gradle/caches/modules-2/files-2.1/org.bytedeco.javacpp-presets/leptonica/1.73-1.3/b7b413f6450b7dd922af6dfdf5e54fb53b2c6ab6/leptonica-1.73-1.3-android-arm.jar
file:/C:/Users/avinash.t/.gradle/caches/modules-2/files-2.1/org.bytedeco/javacpp/1.3.3/bdea626b334e6a31cfa7b2a9ab3881e6da7015ce/javacpp-1.3.3.jar
file:/C:/Users/avinash.t/.gradle/caches/modules-2/files-2.1/org.bytedeco.javacpp-presets/opencv-platform/3.2.0-1.3/28c5ebd90f18c239cbbd09dbfcce2fadab6aa76/opencv-platform-3.2.0-1.3.jar
file:/C:/Users/avinash.t/.gradle/caches/modules-2/files-2.1/junit/junit/4.8.2/c94f54227b08100974c36170dcb53329435fe5ad/junit-4.8.2.jar
file:/C:/Users/avinash.t/.gradle/caches/modules-2/files-2.1/org.bytedeco.javacpp-presets/libdc1394/2.2.4-1.3/e702de628164ba633e77f3b4a4a16a0c402ce364/libdc1394-2.2.4-1.3.jar
file:/C:/Users/avinash.t/.gradle/caches/modules-2/files-2.1/com.twelvemonkeys.imageio/imageio-tiff/3.1.1/df54331a36fba97907e9413297c51defbe24a224/imageio-tiff-3.1.1.jar
file:/C:/Users/avinash.t/.gradle/caches/modules-2/files-2.1/org.slf4j/slf4j-api/1.7.12/8e20852d05222dc286bf1c71d78d0531e177c317/slf4j-api-1.7.12.jar
file:/C:/Users/avinash.t/.gradle/caches/modules-2/files-2.1/org.bytedeco.javacpp-presets/librealsense/1.9.6-1.3/a38afba003c895652db9f29f7e014e451a73a0b4/librealsense-1.9.6-1.3.jar
file:/C:/Users/avinash.t/.gradle/caches/modules-2/files-2.1/org.bytedeco.javacpp-presets/flycapture/2.9.3.43-1.3/bb48ed01be621b6b38b91d45a96e68e7ad7bf25e/flycapture-2.9.3.43-1.3.jar
file:/C:/Users/avinash.t/.gradle/caches/modules-2/files-2.1/org.bytedeco.javacpp-presets/opencv/3.2.0-1.3/7fdd60baeb95fc02f5714de4e5882035d892bd06/opencv-3.2.0-1.3-linux-armhf.jar
file:/C:/Users/avinash.t/.gradle/caches/modules-2/files-2.1/org.bytedeco.javacpp-presets/leptonica/1.73-1.3/a56eae1a46553c879269087e1787aec5a4675e1f/leptonica-1.73-1.3-macosx-x86_64.jar
file:/C:/Users/avinash.t/.gradle/caches/modules-2/files-2.1/org.bytedeco.javacpp-presets/leptonica/1.73-1.3/d435e780eda858c19ed56cb632174ab599b19825/leptonica-1.73-1.3-linux-armhf.jar
file:/C:/Users/avinash.t/.gradle/caches/modules-2/files-2.1/log4j/log4j/1.2.17/5af35056b4d257e4b64b9e8069c0746e8b08629f/log4j-1.2.17.jar
file:/C:/Users/avinash.t/.gradle/caches/modules-2/files-2.1/org.deeplearning4j/deeplearning4j-ui-components/0.9.1/c02b15e57a0a6132f9c5759ccb03bd728c5aec4d/deeplearning4j-ui-components-0.9.1.jar
file:/C:/Users/avinash.t/.gradle/caches/modules-2/files-2.1/org.bytedeco.javacpp-presets/leptonica/1.73-1.3/f298bbd00ae8d620507c0d4ecab5e49a7eb85e03/leptonica-1.73-1.3-windows-x86_64.jar
file:/C:/Users/avinash.t/.gradle/caches/modules-2/files-2.1/org.hamcrest/hamcrest-core/1.3/42a25dc3219429f0e5d060061f71acb49bf010a0/hamcrest-core-1.3.jar
file:/C:/Users/avinash.t/.gradle/caches/modules-2/files-2.1/org.bytedeco.javacpp-presets/hdf5/1.10.0-patch1-1.3/76b579910f51cd628bed8f6cbb245670483b9eeb/hdf5-1.10.0-patch1-1.3-windows-x86.jar
file:/C:/Users/avinash.t/.gradle/caches/modules-2/files-2.1/org.bytedeco.javacpp-presets/leptonica/1.73-1.3/40c4ab433811c566104993f3a93fd70f809f33be/leptonica-1.73-1.3.jar
file:/C:/Users/avinash.t/.gradle/caches/modules-2/files-2.1/org.bytedeco.javacpp-presets/ffmpeg/3.2.1-1.3/2b506fefac100e50800bb1b5908d7588ab21fb45/ffmpeg-3.2.1-1.3.jar
file:/C:/Users/avinash.t/.gradle/caches/modules-2/files-2.1/commons-codec/commons-codec/1.10/4b95f4897fa13f2cd904aee711aeafc0c5295cd8/commons-codec-1.10.jar
file:/C:/Users/avinash.t/.gradle/caches/modules-2/files-2.1/org.projectlombok/lombok/1.16.16/245b50f714bf89ed7659266ace12f9e509d13551/lombok-1.16.16.jar
file:/C:/Users/avinash.t/.gradle/caches/modules-2/files-2.1/org.bytedeco.javacpp-presets/hdf5/1.10.0-patch1-1.3/b17738459b3365df8d3431d43f47f20e8e416732/hdf5-1.10.0-patch1-1.3-linux-ppc64le.jar
file:/C:/Users/avinash.t/.gradle/caches/modules-2/files-2.1/org.nd4j/nd4j-jackson/0.9.1/f075d7ce5cafc705b2743891da920ec66dc50b6c/nd4j-jackson-0.9.1.jar
file:/C:/Users/avinash.t/.gradle/caches/modules-2/files-2.1/com.twelvemonkeys.imageio/imageio-metadata/3.1.1/52b6b85601492e94fa8a08211c08179b1c888d91/imageio-metadata-3.1.1.jar
file:/C:/Users/avinash.t/.gradle/caches/modules-2/files-2.1/org.bytedeco.javacpp-presets/opencv/3.2.0-1.3/8078a64309b575ef2cfb6b369eef61f30580bd65/opencv-3.2.0-1.3-windows-x86_64.jar
file:/C:/Users/avinash.t/.gradle/caches/modules-2/files-2.1/org.codehaus.woodstox/stax2-api/3.1.4/ac19014b1e6a7c08aad07fe114af792676b685b7/stax2-api-3.1.4.jar
file:/C:/Users/avinash.t/.gradle/caches/modules-2/files-2.1/com.twelvemonkeys.common/common-image/3.1.1/c86b3bc138b0caee17ce4193275636543cf28bfe/common-image-3.1.1.jar
file:/C:/Users/avinash.t/.gradle/caches/modules-2/files-2.1/org.deeplearning4j/nearestneighbor-core/0.9.1/8abc22340743b31253a0120f632492bad49ca711/nearestneighbor-core-0.9.1.jar
file:/C:/Users/avinash.t/.gradle/caches/modules-2/files-2.1/org.nd4j/nd4j-native/0.9.1/98cf23e416181df854dde539316dae2505a8911a/nd4j-native-0.9.1-android-arm.jar
file:/C:/Users/avinash.t/.gradle/caches/modules-2/files-2.1/org.bytedeco.javacpp-presets/openblas/0.2.19-1.3/dad2dde60800dfb1108f957f514a5f8de942f5d3/openblas-0.2.19-1.3-linux-armhf.jar
file:/C:/Users/avinash.t/.gradle/caches/modules-2/files-2.1/org.bytedeco.javacpp-presets/opencv/3.2.0-1.3/7db41aeb44fbf201187aa4a1f899d367f1b01ded/opencv-3.2.0-1.3-linux-x86.jar
file:/C:/Users/avinash.t/.gradle/caches/modules-2/files-2.1/org.nd4j/nd4j-native/0.9.1/73604d40f4d414716375d579e7568f392d656c4f/nd4j-native-0.9.1-android-x86.jar
file:/C:/Users/avinash.t/.gradle/caches/modules-2/files-2.1/org.datavec/datavec-data-image/0.9.1/d9e48c7c9248540069210630a13925ae4504ee8c/datavec-data-image-0.9.1.jar
file:/C:/Users/avinash.t/.gradle/caches/modules-2/files-2.1/net.ericaro/neoitertools/1.0.0/25fa0a0aaf12bc386ecdb19a6ee747b361c73a20/neoitertools-1.0.0.jar
file:/C:/Users/avinash.t/.gradle/caches/modules-2/files-2.1/com.twelvemonkeys.common/common-io/3.1.1/b6aec796ca2d20b145b6fa88bbe068724a258450/common-io-3.1.1.jar
file:/C:/Users/avinash.t/.gradle/caches/modules-2/files-2.1/org.bytedeco.javacpp-presets/leptonica-platform/1.73-1.3/99ab56ba1f9248e39e8c502df2b4849b4e33b425/leptonica-platform-1.73-1.3.jar
file:/C:/Users/avinash.t/.gradle/caches/modules-2/files-2.1/com.twelvemonkeys.imageio/imageio-bmp/3.1.1/3b6f82168a6f76899e33a8a9f4058d0e127df30e/imageio-bmp-3.1.1.jar
file:/C:/Users/avinash.t/.gradle/caches/modules-2/files-2.1/org.bytedeco.javacpp-presets/hdf5/1.10.0-patch1-1.3/8e3c1edd8e91fd4fe6ad802e80102084a873f575/hdf5-1.10.0-patch1-1.3-linux-x86.jar
file:/C:/Users/avinash.t/.gradle/caches/modules-2/files-2.1/org.bytedeco.javacpp-presets/openblas/0.2.19-1.3/f10fed548970f6bc1f8f0692da30f6328da21b59/openblas-0.2.19-1.3-windows-x86.jar
file:/C:/Users/avinash.t/.gradle/caches/modules-2/files-2.1/junit/junit/4.12/2973d150c0dc1fefe998f834810d68f278ea58ec/junit-4.12.jar
file:/C:/Users/avinash.t/.gradle/caches/modules-2/files-2.1/it.unimi.dsi/fastutil/6.5.7/dec71174d0c8a20f355e5af8b59f25eb424c49d3/fastutil-6.5.7.jar
file:/C:/Users/avinash.t/.gradle/caches/modules-2/files-2.1/org.bytedeco.javacpp-presets/openblas/0.2.19-1.3/9d1b1cceb7e113eb31b198bffcb336647191dda4/openblas-0.2.19-1.3-linux-x86_64.jar
file:/C:/Users/avinash.t/.gradle/caches/modules-2/files-2.1/org.slf4j/slf4j-log4j12/1.7.25/110cefe2df103412849d72ef7a67e4e91e4266b4/slf4j-log4j12-1.7.25.jar
file:/C:/Users/avinash.t/.gradle/caches/modules-2/files-2.1/net.sf.opencsv/opencsv/2.3/c23708cdb9e80a144db433e23344a788a1fd6599/opencsv-2.3.jar
file:/C:/Users/avinash.t/.gradle/caches/modules-2/files-2.1/com.google.code.findbugs/annotations/2.0.1/9ef6656259841cebfb9fb0697bb122ada4485498/annotations-2.0.1.jar
file:/C:/Users/avinash.t/.gradle/caches/modules-2/files-2.1/org.bytedeco.javacpp-presets/openblas/0.2.19-1.3/2189141b6c83cc8e5b342b04e8f49e22996f72f4/openblas-0.2.19-1.3-android-x86.jar
file:/C:/Users/avinash.t/.gradle/caches/modules-2/files-2.1/org.nd4j/nd4j-api/0.9.1/781bbeed71ef40b902c4b8076c7a2fc937f85160/nd4j-api-0.9.1.jar
file:/C:/Users/avinash.t/.gradle/caches/modules-2/files-2.1/org.bytedeco.javacpp-presets/openblas/0.2.19-1.3/f4690d42b6fb6c2e51ef7c4412128bccaf58a30b/openblas-0.2.19-1.3-linux-x86.jar
file:/C:/Users/avinash.t/.gradle/caches/modules-2/files-2.1/org.deeplearning4j/deeplearning4j-nn/0.9.1/e4f9dd017e953f68209667613a9cb1710edae34/deeplearning4j-nn-0.9.1.jar
file:/C:/Users/avinash.t/.gradle/caches/modules-2/files-2.1/com.github.stephenc.findbugs/findbugs-annotations/1.3.9-1/a6b11447635d80757d64b355bed3c00786d86801/findbugs-annotations-1.3.9-1.jar
file:/C:/Users/avinash.t/.gradle/caches/modules-2/files-2.1/org.bytedeco.javacpp-presets/opencv/3.2.0-1.3/4c712afdddfbd1b9da59255f9f45a7f24252524e/opencv-3.2.0-1.3-linux-x86_64.jar
file:/C:/Users/avinash.t/.gradle/caches/modules-2/files-2.1/org.reflections/reflections/0.9.10/c7f4ea230aedc757ca1499ebcfb2953c81cf8b67/reflections-0.9.10.jar
file:/C:/Users/avinash.t/.gradle/caches/modules-2/files-2.1/org.bytedeco.javacpp-presets/opencv/3.2.0-1.3/8affe9427828689dd9b5cc8d59d8492cf28bd06f/opencv-3.2.0-1.3-android-arm.jar
file:/C:/Users/avinash.t/.gradle/caches/modules-2/files-2.1/org.javassist/javassist/3.18.2-GA/1180a90fbad732b60fb728a6bbe8fcb3151423d7/javassist-3.18.2-GA.jar
file:/C:/Users/avinash.t/.gradle/caches/modules-2/files-2.1/org.deeplearning4j/deeplearning4j-core/0.9.1/a91d6a7ee5ec724e975bfa10df59f91ded5eb872/deeplearning4j-core-0.9.1.jar
file:/C:/Users/avinash.t/.gradle/caches/modules-2/files-2.1/com.clearspring.analytics/stream/2.7.0/9998f8cf87d329fef226405f8d519638cfe1431d/stream-2.7.0.jar
file:/C:/Users/avinash.t/.gradle/caches/modules-2/files-2.1/com.google.guava/guava/21.0/3a3d111be1be1b745edfa7d91678a12d7ed38709/guava-21.0.jar
file:/C:/Users/avinash.t/.gradle/caches/modules-2/files-2.1/org.bytedeco.javacpp-presets/leptonica/1.73-1.3/88bc73b49b31463ec525c13ec83c3f229b934c3c/leptonica-1.73-1.3-windows-x86.jar
file:/C:/Users/avinash.t/.gradle/caches/modules-2/files-2.1/org.nd4j/nd4j-native/0.9.1/5878a9a35728170ca6466ffbbe0636a429f26245/nd4j-native-0.9.1-linux-ppc64le.jar
file:/C:/Users/avinash.t/.gradle/caches/modules-2/files-2.1/org.bytedeco.javacpp-presets/opencv/3.2.0-1.3/d442ea90d190e680d8c6f18469aaeaed26c00c77/opencv-3.2.0-1.3.jar
file:/C:/Users/avinash.t/.gradle/caches/modules-2/files-2.1/org.freemarker/freemarker/2.3.23/cd143cd8c02a9f838e3cb75a6dfe133750437f6d/freemarker-2.3.23.jar
file:/C:/Users/avinash.t/.gradle/caches/modules-2/files-2.1/org.nd4j/nd4j-native/0.9.1/dad24bde8da226270eb95dd922c8159ba336ae84/nd4j-native-0.9.1-linux-x86_64.jar
file:/C:/Users/avinash.t/.gradle/caches/modules-2/files-2.1/org.bytedeco.javacpp-presets/leptonica/1.73-1.3/68f9e1b9f18825a110477a734c38c47f7e70c55d/leptonica-1.73-1.3-linux-x86_64.jar 
2018-07-22 15:59:49,330 INFO  -- Reflections took 8412 ms to scan 113 urls, producing 2290 keys and 9471 values  
2018-07-22 15:59:49,884 DEBUG -- Registering class for JSON serialization: org.deeplearning4j.nn.conf.graph.ReshapeVertex as subtype of org.deeplearning4j.nn.conf.graph.GraphVertex 
2018-07-22 15:59:49,886 DEBUG -- Registering class for JSON serialization: org.deeplearning4j.nn.conf.graph.PoolHelperVertex as subtype of org.deeplearning4j.nn.conf.graph.GraphVertex 
2018-07-22 15:59:49,886 DEBUG -- Registering class for JSON serialization: org.deeplearning4j.nn.conf.layers.CenterLossOutputLayer as subtype of org.deeplearning4j.nn.conf.layers.Layer 
2018-07-22 15:59:49,887 DEBUG -- Registering class for JSON serialization: org.deeplearning4j.nn.modelimport.keras.preprocessors.TensorFlowCnnToFeedForwardPreProcessor as subtype of org.deeplearning4j.nn.conf.InputPreProcessor 
2018-07-22 15:59:49,888 DEBUG -- Registering class for JSON serialization: org.deeplearning4j.nn.conf.graph.ShiftVertex as subtype of org.deeplearning4j.nn.conf.graph.GraphVertex 
2018-07-22 15:59:49,919 DEBUG -- Registering class for JSON serialization: org.deeplearning4j.nn.conf.graph.ReshapeVertex as subtype of org.deeplearning4j.nn.conf.graph.GraphVertex 
2018-07-22 15:59:49,919 DEBUG -- Registering class for JSON serialization: org.deeplearning4j.nn.conf.graph.PoolHelperVertex as subtype of org.deeplearning4j.nn.conf.graph.GraphVertex 
2018-07-22 15:59:49,919 DEBUG -- Registering class for JSON serialization: org.deeplearning4j.nn.conf.layers.CenterLossOutputLayer as subtype of org.deeplearning4j.nn.conf.layers.Layer 
2018-07-22 15:59:49,920 DEBUG -- Registering class for JSON serialization: org.deeplearning4j.nn.modelimport.keras.preprocessors.TensorFlowCnnToFeedForwardPreProcessor as subtype of org.deeplearning4j.nn.conf.InputPreProcessor 
2018-07-22 15:59:49,921 DEBUG -- Registering class for JSON serialization: org.deeplearning4j.nn.conf.graph.ShiftVertex as subtype of org.deeplearning4j.nn.conf.graph.GraphVertex 
2018-07-22 15:59:50,213 INFO  -- Starting MultiLayerNetwork with WorkspaceModes set to [training: NONE; inference: SEPARATE] 
